[2026-06-09 17:20:24.160] [INFO] ========== 应用程序启动 ==========
[2026-06-09 17:20:24.160] [INFO] 启动时间: 2026-06-09 17:20:24
[2026-06-09 17:20:24.163] [DEBUG] [DEBUG] Successfully connected to database: "airPlc.db"
[2026-06-09 17:20:24.163] [INFO] 数据库连接成功
[2026-06-09 17:20:24.163] [DEBUG] [DEBUG] 数据库连接成功
[2026-06-09 17:20:24.163] [INFO] 内存监控线程已启动
[2026-06-09 17:20:24.164] [INFO] 内存监控 - 当前: 28.70 MB | 峰值: 28.70 MB
[2026-06-09 17:20:24.304] [DEBUG] [DEBUG] 用户表初始化成功
[2026-06-09 17:20:24.304] [DEBUG] [DEBUG] 管理员账户已存在
[2026-06-09 17:20:25.837] [INFO] [INFO] TCP服务器启动成功，端口： 8888
[2026-06-09 17:20:25.838] [CRITICAL] [CRITICAL] Query execution failed: "duplicate column name: auto_connect Unable to execute statement" SQL: "ALTER TABLE plc_parameters ADD COLUMN auto_connect INTEGER DEFAULT 0"
[2026-06-09 17:20:25.838] [CRITICAL] [CRITICAL] Query execution failed: "duplicate column name: last_connect_time Unable to execute statement" SQL: "ALTER TABLE plc_parameters ADD COLUMN last_connect_time TIMESTAMP"
[2026-06-09 17:20:25.838] [CRITICAL] [CRITICAL] Query execution failed: "duplicate column name: last_connect_status Unable to execute statement" SQL: "ALTER TABLE plc_parameters ADD COLUMN last_connect_status TEXT"
[2026-06-09 17:20:25.838] [CRITICAL] [CRITICAL] Query execution failed: "duplicate column name: slave_id Unable to execute statement" SQL: "ALTER TABLE plc_parameters ADD COLUMN slave_id INTEGER DEFAULT 2"
[2026-06-09 17:20:25.838] [CRITICAL] [CRITICAL] Query execution failed: "duplicate column name: auto_connect Unable to execute statement" SQL: "ALTER TABLE air_tightness_parameters ADD COLUMN auto_connect INTEGER DEFAULT 0"
[2026-06-09 17:20:25.838] [CRITICAL] [CRITICAL] Query execution failed: "duplicate column name: last_connect_time Unable to execute statement" SQL: "ALTER TABLE air_tightness_parameters ADD COLUMN last_connect_time TIMESTAMP"
[2026-06-09 17:20:25.838] [CRITICAL] [CRITICAL] Query execution failed: "duplicate column name: last_connect_status Unable to execute statement" SQL: "ALTER TABLE air_tightness_parameters ADD COLUMN last_connect_status TEXT"
[2026-06-09 17:20:25.838] [CRITICAL] [CRITICAL] Query execution failed: "duplicate column name: regulator_pressure Unable to execute statement" SQL: "ALTER TABLE air_tightness_full_params ADD COLUMN regulator_pressure REAL DEFAULT 0"
[2026-06-09 17:20:25.838] [DEBUG] [DEBUG] 用户表初始化成功
[2026-06-09 17:20:25.838] [DEBUG] [DEBUG] 用户表初始化成功
[2026-06-09 17:20:25.838] [DEBUG] [DEBUG] 管理员账户已存在
[2026-06-09 17:20:25.838] [DEBUG] [DEBUG] 初始化数据库备份管理..
[2026-06-09 17:20:25.839] [DEBUG] [DEBUG] 初始化数据库备份管理器...
[2026-06-09 17:20:25.839] [DEBUG] [DEBUG] 加载备份配置 - 上次备份时间: "2026-06-09 00:00:00" , 备份模式: "每天" , 备份间隔: 15 天 , 自动备份: 已启用
[2026-06-09 17:20:25.839] [DEBUG] [DEBUG] 从数据库同步备份配置...
[2026-06-09 17:20:25.839] [DEBUG] [DEBUG] 同步备份路径: "D:/气密仪数据备份"
[2026-06-09 17:20:25.839] [DEBUG] [DEBUG] 同步备份保留数量: 1
[2026-06-09 17:20:25.839] [DEBUG] [DEBUG] 数据库备份配置同步完成
[2026-06-09 17:20:25.884] [DEBUG] [DEBUG] 已调度下次备份时间: "2026-06-10 00:00:00" , 距离现在: 23974 秒
[2026-06-09 17:20:25.884] [DEBUG] [DEBUG] 数据库备份管理器初始化完成
[2026-06-09 17:20:25.884] [DEBUG] [DEBUG] 上次备份时间: "2026-06-09 00:00:00"
[2026-06-09 17:20:25.884] [DEBUG] [DEBUG] 下次备份时间: "2026-06-10 00:00:00"
[2026-06-09 17:20:25.884] [DEBUG] [DEBUG] 初始化开机自启动设置...
[2026-06-09 17:20:25.885] [DEBUG] [DEBUG] 开机自启动状态: 未启用
[2026-06-09 17:20:25.885] [DEBUG] [DEBUG] 注册表值: ""
[2026-06-09 17:20:25.885] [DEBUG] [DEBUG] 当前路径: "\"F:\\气密仪上位机程序\\NewAirPlc_boxed.exe\""
[2026-06-09 17:20:25.885] [DEBUG] [DEBUG] 当前开机自启动状态: 未启用
[2026-06-09 17:20:25.885] [DEBUG] [DEBUG] 开始初始化UI
[2026-06-09 17:20:25.885] [DEBUG] [DEBUG] 创建连接页面
[2026-06-09 17:20:25.888] [WARN] [WARNING] Unknown property box-shadow
[2026-06-09 17:20:25.900] [WARN] [WARNING] Unknown property -webkit-background-clip
[2026-06-09 17:20:25.900] [WARN] [WARNING] Unknown property -webkit-text-fill-color
[2026-06-09 17:20:25.900] [WARN] [WARNING] Unknown property -webkit-background-clip
[2026-06-09 17:20:25.901] [WARN] [WARNING] Unknown property -webkit-text-fill-color
[2026-06-09 17:20:25.905] [WARN] [WARNING] Unknown property box-shadow
[2026-06-09 17:20:25.906] [WARN] [WARNING] Unknown property box-shadow
[2026-06-09 17:20:25.908] [WARN] [WARNING] Unknown property -webkit-background-clip
[2026-06-09 17:20:25.908] [WARN] [WARNING] Unknown property -webkit-text-fill-color
[2026-06-09 17:20:25.908] [WARN] [WARNING] Unknown property -webkit-background-clip
[2026-06-09 17:20:25.909] [WARN] [WARNING] Unknown property -webkit-text-fill-color
[2026-06-09 17:20:25.917] [WARN] [WARNING] Unknown property transform
[2026-06-09 17:20:25.918] [WARN] [WARNING] Unknown property transform
[2026-06-09 17:20:25.924] [WARN] [WARNING] Unknown property transform
[2026-06-09 17:20:25.924] [WARN] [WARNING] Unknown property transform
[2026-06-09 17:20:25.924] [WARN] [WARNING] Unknown property transform
[2026-06-09 17:20:25.925] [WARN] [WARNING] Unknown property transform
[2026-06-09 17:20:25.927] [WARN] [WARNING] Unknown property transform
[2026-06-09 17:20:25.927] [WARN] [WARNING] Unknown property transform
[2026-06-09 17:20:25.929] [WARN] [WARNING] Unknown property transform
[2026-06-09 17:20:25.929] [WARN] [WARNING] Unknown property transform
[2026-06-09 17:20:25.930] [WARN] [WARNING] Unknown property transform
[2026-06-09 17:20:25.930] [WARN] [WARNING] Unknown property transform
[2026-06-09 17:20:25.938] [WARN] [WARNING] Unknown property transform
[2026-06-09 17:20:25.938] [WARN] [WARNING] Unknown property transform
[2026-06-09 17:20:25.939] [WARN] [WARNING] Unknown property transform
[2026-06-09 17:20:25.939] [WARN] [WARNING] Unknown property transform
[2026-06-09 17:20:25.943] [WARN] [WARNING] Unknown property transform
[2026-06-09 17:20:25.943] [WARN] [WARNING] Unknown property transform
[2026-06-09 17:20:25.944] [WARN] [WARNING] Unknown property transform
[2026-06-09 17:20:25.944] [WARN] [WARNING] Unknown property transform
[2026-06-09 17:20:25.952] [WARN] [WARNING] Unknown property transform
[2026-06-09 17:20:25.952] [WARN] [WARNING] Unknown property transform
[2026-06-09 17:20:25.952] [WARN] [WARNING] Unknown property transform
[2026-06-09 17:20:25.952] [WARN] [WARNING] Unknown property transform
[2026-06-09 17:20:25.956] [WARN] [WARNING] Unknown property transform
[2026-06-09 17:20:25.956] [WARN] [WARNING] Unknown property transform
[2026-06-09 17:20:25.956] [WARN] [WARNING] Unknown property transform
[2026-06-09 17:20:25.956] [WARN] [WARNING] Unknown property transform
[2026-06-09 17:20:25.956] [WARN] [WARNING] Unknown property box-shadow
[2026-06-09 17:20:25.957] [WARN] [WARNING] Unknown property box-shadow
[2026-06-09 17:20:25.957] [WARN] [WARNING] Unknown property -webkit-background-clip
[2026-06-09 17:20:25.957] [WARN] [WARNING] Unknown property -webkit-text-fill-color
[2026-06-09 17:20:25.957] [WARN] [WARNING] Unknown property -webkit-background-clip
[2026-06-09 17:20:25.957] [WARN] [WARNING] Unknown property -webkit-text-fill-color
[2026-06-09 17:20:25.961] [WARN] [WARNING] Unknown property transform
[2026-06-09 17:20:25.961] [WARN] [WARNING] Unknown property transform
[2026-06-09 17:20:25.962] [WARN] [WARNING] Unknown property transform
[2026-06-09 17:20:25.962] [WARN] [WARNING] Unknown property transform
[2026-06-09 17:20:25.962] [WARN] [WARNING] Unknown property transform
[2026-06-09 17:20:25.963] [WARN] [WARNING] Unknown property transform
[2026-06-09 17:20:25.966] [WARN] [WARNING] Unknown property transform
[2026-06-09 17:20:25.966] [WARN] [WARNING] Unknown property transform
[2026-06-09 17:20:25.967] [WARN] [WARNING] Unknown property transform
[2026-06-09 17:20:25.967] [WARN] [WARNING] Unknown property transform
[2026-06-09 17:20:25.982] [INFO] 系统启动，开始初始化设备连接
[2026-06-09 17:20:25.989] [INFO] 检测到串口: COM4, 制造商: wch.cn, 描述: USB-SERIAL CH340
[2026-06-09 17:20:25.989] [INFO] 检测到串口: COM1, 制造商: (标准端口类型), 描述: 通信端口
[2026-06-09 17:20:25.989] [INFO] 检测到串口: COM3, 制造商: wch.cn, 描述: USB-SERIAL CH340
[2026-06-09 17:20:25.989] [DEBUG] [DEBUG] 加载PLC从站地址:  2
[2026-06-09 17:20:25.989] [INFO] PLC连接参数加载完成
[2026-06-09 17:20:25.990] [INFO] 气密仪连接参数加载完成
[2026-06-09 17:20:25.990] [DEBUG] [DEBUG] 加载调压装置从站地址:  1
[2026-06-09 17:20:25.990] [INFO] 调压装置连接参数加载完成
[2026-06-09 17:20:25.990] [INFO] PLC协议已切换为: Modbus RTU
[2026-06-09 17:20:25.990] [INFO] 气密仪连接方式已切换为: 以太网
[2026-06-09 17:20:25.990] [INFO] [17:20:25] 调压装置未连接
[2026-06-09 17:20:25.991] [DEBUG] [DEBUG] ConnectWidget::updatePressureDeviceStatus 发射 pressureConnectionChanged 信号，状态: 未连接
[2026-06-09 17:20:25.991] [WARN] [WARNING] Unknown property box-shadow
[2026-06-09 17:20:25.991] [WARN] [WARNING] Unknown property box-shadow
[2026-06-09 17:20:25.992] [WARN] [WARNING] Unknown property -webkit-background-clip
[2026-06-09 17:20:25.992] [WARN] [WARNING] Unknown property -webkit-text-fill-color
[2026-06-09 17:20:25.992] [WARN] [WARNING] Unknown property -webkit-background-clip
[2026-06-09 17:20:25.992] [WARN] [WARNING] Unknown property -webkit-text-fill-color
[2026-06-09 17:20:25.996] [WARN] [WARNING] Unknown property transform
[2026-06-09 17:20:25.996] [WARN] [WARNING] Unknown property transform
[2026-06-09 17:20:26.001] [WARN] [WARNING] Unknown property transform
[2026-06-09 17:20:26.001] [WARN] [WARNING] Unknown property transform
[2026-06-09 17:20:26.001] [WARN] [WARNING] Unknown property transform
[2026-06-09 17:20:26.001] [WARN] [WARNING] Unknown property transform
[2026-06-09 17:20:26.008] [WARN] [WARNING] Unknown property transform
[2026-06-09 17:20:26.008] [WARN] [WARNING] Unknown property transform
[2026-06-09 17:20:26.008] [WARN] [WARNING] Unknown property transform
[2026-06-09 17:20:26.008] [WARN] [WARNING] Unknown property transform
[2026-06-09 17:20:26.013] [WARN] [WARNING] Unknown property transform
[2026-06-09 17:20:26.013] [WARN] [WARNING] Unknown property transform
[2026-06-09 17:20:26.013] [WARN] [WARNING] Unknown property transform
[2026-06-09 17:20:26.013] [WARN] [WARNING] Unknown property transform
[2026-06-09 17:20:26.027] [WARN] [WARNING] Unknown property box-shadow
[2026-06-09 17:20:26.027] [WARN] [WARNING] Unknown property box-shadow
[2026-06-09 17:20:26.027] [WARN] [WARNING] Unknown property -webkit-background-clip
[2026-06-09 17:20:26.027] [WARN] [WARNING] Unknown property -webkit-text-fill-color
[2026-06-09 17:20:26.027] [WARN] [WARNING] Unknown property -webkit-background-clip
[2026-06-09 17:20:26.028] [WARN] [WARNING] Unknown property -webkit-text-fill-color
[2026-06-09 17:20:26.029] [WARN] [WARNING] Unknown property transform
[2026-06-09 17:20:26.029] [WARN] [WARNING] Unknown property transform
[2026-06-09 17:20:26.031] [WARN] [WARNING] Unknown property transform
[2026-06-09 17:20:26.031] [WARN] [WARNING] Unknown property transform
[2026-06-09 17:20:26.031] [WARN] [WARNING] Unknown property transform
[2026-06-09 17:20:26.031] [WARN] [WARNING] Unknown property transform
[2026-06-09 17:20:26.034] [WARN] [WARNING] Unknown property transform
[2026-06-09 17:20:26.034] [WARN] [WARNING] Unknown property transform
[2026-06-09 17:20:26.034] [WARN] [WARNING] Unknown property transform
[2026-06-09 17:20:26.034] [WARN] [WARNING] Unknown property transform
[2026-06-09 17:20:26.037] [WARN] [WARNING] Unknown property transform
[2026-06-09 17:20:26.037] [WARN] [WARNING] Unknown property transform
[2026-06-09 17:20:26.037] [WARN] [WARNING] Unknown property transform
[2026-06-09 17:20:26.037] [WARN] [WARNING] Unknown property transform
[2026-06-09 17:20:26.037] [DEBUG] [DEBUG] 创建参数设置页面
[2026-06-09 17:20:26.040] [WARN] [WARNING] Unknown property box-shadow
[2026-06-09 17:20:26.040] [WARN] [WARNING] Unknown property box-shadow
[2026-06-09 17:20:26.041] [WARN] [WARNING] Unknown property box-shadow
[2026-06-09 17:20:26.041] [WARN] [WARNING] Unknown property box-shadow
[2026-06-09 17:20:26.041] [WARN] [WARNING] Unknown property box-shadow
[2026-06-09 17:20:26.041] [WARN] [WARNING] Unknown property box-shadow
[2026-06-09 17:20:26.042] [WARN] [WARNING] Unknown property box-shadow
[2026-06-09 17:20:26.042] [WARN] [WARNING] Unknown property box-shadow
[2026-06-09 17:20:26.043] [WARN] [WARNING] Unknown property box-shadow
[2026-06-09 17:20:26.043] [WARN] [WARNING] Unknown property box-shadow
[2026-06-09 17:20:26.043] [WARN] [WARNING] Unknown property box-shadow
[2026-06-09 17:20:26.043] [WARN] [WARNING] Unknown property box-shadow
[2026-06-09 17:20:26.043] [WARN] [WARNING] Unknown property box-shadow
[2026-06-09 17:20:26.044] [WARN] [WARNING] Unknown property box-shadow
[2026-06-09 17:20:26.044] [WARN] [WARNING] Unknown property box-shadow
[2026-06-09 17:20:26.044] [WARN] [WARNING] Unknown property box-shadow
[2026-06-09 17:20:26.045] [WARN] [WARNING] Unknown property box-shadow
[2026-06-09 17:20:26.045] [WARN] [WARNING] Unknown property box-shadow
[2026-06-09 17:20:26.046] [WARN] [WARNING] Unknown property box-shadow
[2026-06-09 17:20:26.046] [WARN] [WARNING] Unknown property box-shadow
[2026-06-09 17:20:26.047] [WARN] [WARNING] Unknown property box-shadow
[2026-06-09 17:20:26.047] [WARN] [WARNING] Unknown property box-shadow
[2026-06-09 17:20:26.047] [WARN] [WARNING] Unknown property box-shadow
[2026-06-09 17:20:26.047] [WARN] [WARNING] Unknown property box-shadow
[2026-06-09 17:20:26.050] [WARN] [WARNING] Unknown property box-shadow
[2026-06-09 17:20:26.051] [WARN] [WARNING] Unknown property box-shadow
[2026-06-09 17:20:26.053] [WARN] [WARNING] Unknown property box-shadow
[2026-06-09 17:20:26.054] [WARN] [WARNING] Unknown property box-shadow
[2026-06-09 17:20:26.054] [WARN] [WARNING] Unknown property box-shadow
[2026-06-09 17:20:26.055] [WARN] [WARNING] Unknown property box-shadow
[2026-06-09 17:20:26.055] [WARN] [WARNING] Unknown property box-shadow
[2026-06-09 17:20:26.056] [WARN] [WARNING] Unknown property box-shadow
[2026-06-09 17:20:26.058] [WARN] [WARNING] Unknown property box-shadow
[2026-06-09 17:20:26.058] [WARN] [WARNING] Unknown property box-shadow
[2026-06-09 17:20:26.060] [WARN] [WARNING] Unknown property box-shadow
[2026-06-09 17:20:26.060] [WARN] [WARNING] Unknown property box-shadow
[2026-06-09 17:20:26.061] [WARN] [WARNING] Unknown property box-shadow
[2026-06-09 17:20:26.061] [WARN] [WARNING] Unknown property box-shadow
[2026-06-09 17:20:26.062] [WARN] [WARNING] Unknown property box-shadow
[2026-06-09 17:20:26.062] [WARN] [WARNING] Unknown property box-shadow
[2026-06-09 17:20:26.062] [WARN] [WARNING] Unknown property box-shadow
[2026-06-09 17:20:26.062] [WARN] [WARNING] Unknown property box-shadow
[2026-06-09 17:20:26.063] [WARN] [WARNING] Unknown property box-shadow
[2026-06-09 17:20:26.063] [WARN] [WARNING] Unknown property box-shadow
[2026-06-09 17:20:26.063] [WARN] [WARNING] Unknown property box-shadow
[2026-06-09 17:20:26.063] [WARN] [WARNING] Unknown property box-shadow
[2026-06-09 17:20:26.064] [WARN] [WARNING] Unknown property box-shadow
[2026-06-09 17:20:26.064] [WARN] [WARNING] Unknown property box-shadow
[2026-06-09 17:20:26.065] [WARN] [WARNING] Unknown property box-shadow
[2026-06-09 17:20:26.065] [WARN] [WARNING] Unknown property box-shadow
[2026-06-09 17:20:26.066] [WARN] [WARNING] Unknown property box-shadow
[2026-06-09 17:20:26.066] [WARN] [WARNING] Unknown property box-shadow
[2026-06-09 17:20:26.066] [WARN] [WARNING] Unknown property box-shadow
[2026-06-09 17:20:26.066] [WARN] [WARNING] Unknown property box-shadow
[2026-06-09 17:20:26.066] [WARN] [WARNING] Unknown property box-shadow
[2026-06-09 17:20:26.067] [WARN] [WARNING] Unknown property box-shadow
[2026-06-09 17:20:26.067] [WARN] [WARNING] Unknown property box-shadow
[2026-06-09 17:20:26.067] [WARN] [WARNING] Unknown property box-shadow
[2026-06-09 17:20:26.067] [WARN] [WARNING] Unknown property box-shadow
[2026-06-09 17:20:26.068] [WARN] [WARNING] Unknown property box-shadow
[2026-06-09 17:20:26.068] [WARN] [WARNING] Unknown property box-shadow
[2026-06-09 17:20:26.068] [WARN] [WARNING] Unknown property box-shadow
[2026-06-09 17:20:26.069] [WARN] [WARNING] Unknown property box-shadow
[2026-06-09 17:20:26.069] [WARN] [WARNING] Unknown property box-shadow
[2026-06-09 17:20:26.070] [WARN] [WARNING] Unknown property box-shadow
[2026-06-09 17:20:26.070] [WARN] [WARNING] Unknown property box-shadow
[2026-06-09 17:20:26.071] [WARN] [WARNING] Unknown property box-shadow
[2026-06-09 17:20:26.071] [WARN] [WARNING] Unknown property box-shadow
[2026-06-09 17:20:26.072] [WARN] [WARNING] Unknown property box-shadow
[2026-06-09 17:20:26.072] [WARN] [WARNING] Unknown property box-shadow
[2026-06-09 17:20:26.072] [WARN] [WARNING] Unknown property box-shadow
[2026-06-09 17:20:26.072] [WARN] [WARNING] Unknown property box-shadow
[2026-06-09 17:20:26.072] [WARN] [WARNING] Unknown property box-shadow
[2026-06-09 17:20:26.073] [WARN] [WARNING] Unknown property box-shadow
[2026-06-09 17:20:26.073] [WARN] [WARNING] Unknown property box-shadow
[2026-06-09 17:20:26.073] [WARN] [WARNING] Unknown property box-shadow
[2026-06-09 17:20:26.073] [WARN] [WARNING] Unknown property box-shadow
[2026-06-09 17:20:26.073] [WARN] [WARNING] Unknown property box-shadow
[2026-06-09 17:20:26.074] [WARN] [WARNING] Unknown property box-shadow
[2026-06-09 17:20:26.074] [WARN] [WARNING] Unknown property box-shadow
[2026-06-09 17:20:26.074] [WARN] [WARNING] Unknown property box-shadow
[2026-06-09 17:20:26.074] [WARN] [WARNING] Unknown property box-shadow
[2026-06-09 17:20:26.075] [WARN] [WARNING] Unknown property box-shadow
[2026-06-09 17:20:26.075] [WARN] [WARNING] Unknown property box-shadow
[2026-06-09 17:20:26.076] [WARN] [WARNING] Unknown property box-shadow
[2026-06-09 17:20:26.076] [WARN] [WARNING] Unknown property box-shadow
[2026-06-09 17:20:26.076] [WARN] [WARNING] Unknown property box-shadow
[2026-06-09 17:20:26.077] [WARN] [WARNING] Unknown property box-shadow
[2026-06-09 17:20:26.077] [WARN] [WARNING] Unknown property box-shadow
[2026-06-09 17:20:26.077] [WARN] [WARNING] Unknown property box-shadow
[2026-06-09 17:20:26.077] [WARN] [WARNING] Unknown property box-shadow
[2026-06-09 17:20:26.077] [WARN] [WARNING] Unknown property box-shadow
[2026-06-09 17:20:26.078] [WARN] [WARNING] Unknown property box-shadow
[2026-06-09 17:20:26.078] [WARN] [WARNING] Unknown property box-shadow
[2026-06-09 17:20:26.078] [WARN] [WARNING] Unknown property box-shadow
[2026-06-09 17:20:26.078] [WARN] [WARNING] Unknown property box-shadow
[2026-06-09 17:20:26.079] [WARN] [WARNING] Unknown property box-shadow
[2026-06-09 17:20:26.079] [WARN] [WARNING] Unknown property box-shadow
[2026-06-09 17:20:26.079] [WARN] [WARNING] Unknown property box-shadow
[2026-06-09 17:20:26.079] [WARN] [WARNING] Unknown property box-shadow
[2026-06-09 17:20:26.079] [WARN] [WARNING] Unknown property box-shadow
[2026-06-09 17:20:26.079] [WARN] [WARNING] Unknown property box-shadow
[2026-06-09 17:20:26.080] [WARN] [WARNING] Unknown property box-shadow
[2026-06-09 17:20:26.080] [WARN] [WARNING] Unknown property box-shadow
[2026-06-09 17:20:26.080] [WARN] [WARNING] Unknown property box-shadow
[2026-06-09 17:20:26.080] [WARN] [WARNING] Unknown property box-shadow
[2026-06-09 17:20:26.081] [WARN] [WARNING] Unknown property box-shadow
[2026-06-09 17:20:26.081] [WARN] [WARNING] Unknown property box-shadow
[2026-06-09 17:20:26.081] [WARN] [WARNING] Unknown property box-shadow
[2026-06-09 17:20:26.081] [WARN] [WARNING] Unknown property box-shadow
[2026-06-09 17:20:26.081] [WARN] [WARNING] Unknown property box-shadow
[2026-06-09 17:20:26.082] [WARN] [WARNING] Unknown property box-shadow
[2026-06-09 17:20:26.082] [WARN] [WARNING] Unknown property box-shadow
[2026-06-09 17:20:26.082] [WARN] [WARNING] Unknown property box-shadow
[2026-06-09 17:20:26.082] [WARN] [WARNING] Unknown property box-shadow
[2026-06-09 17:20:26.082] [WARN] [WARNING] Unknown property box-shadow
[2026-06-09 17:20:26.082] [WARN] [WARNING] Unknown property box-shadow
[2026-06-09 17:20:26.082] [WARN] [WARNING] Unknown property box-shadow
[2026-06-09 17:20:26.083] [WARN] [WARNING] Unknown property box-shadow
[2026-06-09 17:20:26.083] [WARN] [WARNING] Unknown property box-shadow
[2026-06-09 17:20:26.083] [WARN] [WARNING] Unknown property box-shadow
[2026-06-09 17:20:26.083] [WARN] [WARNING] Unknown property box-shadow
[2026-06-09 17:20:26.083] [WARN] [WARNING] Unknown property box-shadow
[2026-06-09 17:20:26.084] [WARN] [WARNING] Unknown property box-shadow
[2026-06-09 17:20:26.084] [WARN] [WARNING] Unknown property box-shadow
[2026-06-09 17:20:26.084] [WARN] [WARNING] Unknown property box-shadow
[2026-06-09 17:20:26.090] [WARN] [WARNING] QMetaObject::connectSlotsByName: No matching signal for on_loadParametersButton_clicked()
[2026-06-09 17:20:26.097] [DEBUG] [DEBUG] 参数列表已更新，共 6 条记录
[2026-06-09 17:20:26.097] [DEBUG] [DEBUG] 参数列表更新：共 6 条记录
[2026-06-09 17:20:26.097] [DEBUG] [DEBUG] "参数组_20260609_140638_程序6 (创建于: 2026-05-21 18:56)"
[2026-06-09 17:20:26.097] [DEBUG] [DEBUG] "参数组_20260609_140626_程序5 (创建于: 2026-05-21 18:53)"
[2026-06-09 17:20:26.097] [DEBUG] [DEBUG] "参数组_20260609_140538_程序4 (创建于: 2026-05-21 18:50)"
[2026-06-09 17:20:26.097] [DEBUG] [DEBUG] "参数组_20260609_135903_程序3 (创建于: 2026-01-13 11:42)"
[2026-06-09 17:20:26.097] [DEBUG] [DEBUG] "参数组_20260609_135227_程序2 (创建于: 2026-01-13 11:41)"
[2026-06-09 17:20:26.098] [DEBUG] [DEBUG] "参数组_20260609_133109_程序1 (创建于: 2026-01-13 11:40)"
[2026-06-09 17:20:26.099] [DEBUG] [DEBUG] 已从数据库加载程序1的参数
[2026-06-09 17:20:26.115] [WARN] [WARNING] Unknown property box-shadow
[2026-06-09 17:20:26.115] [WARN] [WARNING] Unknown property box-shadow
[2026-06-09 17:20:26.116] [WARN] [WARNING] Unknown property box-shadow
[2026-06-09 17:20:26.116] [WARN] [WARNING] Unknown property box-shadow
[2026-06-09 17:20:26.116] [WARN] [WARNING] Unknown property box-shadow
[2026-06-09 17:20:26.116] [WARN] [WARNING] Unknown property box-shadow
[2026-06-09 17:20:26.117] [WARN] [WARNING] Unknown property box-shadow
[2026-06-09 17:20:26.117] [WARN] [WARNING] Unknown property box-shadow
[2026-06-09 17:20:26.117] [WARN] [WARNING] Unknown property box-shadow
[2026-06-09 17:20:26.117] [WARN] [WARNING] Unknown property box-shadow
[2026-06-09 17:20:26.117] [WARN] [WARNING] Unknown property box-shadow
[2026-06-09 17:20:26.117] [WARN] [WARNING] Unknown property box-shadow
[2026-06-09 17:20:26.118] [WARN] [WARNING] Unknown property box-shadow
[2026-06-09 17:20:26.119] [WARN] [WARNING] Unknown property box-shadow
[2026-06-09 17:20:26.121] [WARN] [WARNING] Unknown property box-shadow
[2026-06-09 17:20:26.122] [WARN] [WARNING] Unknown property box-shadow
[2026-06-09 17:20:26.122] [WARN] [WARNING] Unknown property box-shadow
[2026-06-09 17:20:26.122] [WARN] [WARNING] Unknown property box-shadow
[2026-06-09 17:20:26.123] [WARN] [WARNING] Unknown property box-shadow
[2026-06-09 17:20:26.123] [WARN] [WARNING] Unknown property box-shadow
[2026-06-09 17:20:26.125] [WARN] [WARNING] Unknown property box-shadow
[2026-06-09 17:20:26.125] [WARN] [WARNING] Unknown property box-shadow
[2026-06-09 17:20:26.125] [WARN] [WARNING] Unknown property box-shadow
[2026-06-09 17:20:26.125] [WARN] [WARNING] Unknown property box-shadow
[2026-06-09 17:20:26.127] [WARN] [WARNING] Unknown property box-shadow
[2026-06-09 17:20:26.127] [WARN] [WARNING] Unknown property box-shadow
[2026-06-09 17:20:26.129] [WARN] [WARNING] Unknown property box-shadow
[2026-06-09 17:20:26.129] [WARN] [WARNING] Unknown property box-shadow
[2026-06-09 17:20:26.129] [WARN] [WARNING] Unknown property box-shadow
[2026-06-09 17:20:26.129] [WARN] [WARNING] Unknown property box-shadow
[2026-06-09 17:20:26.130] [WARN] [WARNING] Unknown property box-shadow
[2026-06-09 17:20:26.130] [WARN] [WARNING] Unknown property box-shadow
[2026-06-09 17:20:26.130] [WARN] [WARNING] Unknown property box-shadow
[2026-06-09 17:20:26.130] [WARN] [WARNING] Unknown property box-shadow
[2026-06-09 17:20:26.131] [WARN] [WARNING] Unknown property box-shadow
[2026-06-09 17:20:26.131] [WARN] [WARNING] Unknown property box-shadow
[2026-06-09 17:20:26.131] [WARN] [WARNING] Unknown property box-shadow
[2026-06-09 17:20:26.131] [WARN] [WARNING] Unknown property box-shadow
[2026-06-09 17:20:26.132] [WARN] [WARNING] Unknown property box-shadow
[2026-06-09 17:20:26.132] [WARN] [WARNING] Unknown property box-shadow
[2026-06-09 17:20:26.134] [WARN] [WARNING] Unknown property box-shadow
[2026-06-09 17:20:26.134] [WARN] [WARNING] Unknown property box-shadow
[2026-06-09 17:20:26.146] [WARN] [WARNING] Unknown property box-shadow
[2026-06-09 17:20:26.146] [WARN] [WARNING] Unknown property box-shadow
[2026-06-09 17:20:26.147] [WARN] [WARNING] Unknown property box-shadow
[2026-06-09 17:20:26.147] [WARN] [WARNING] Unknown property box-shadow
[2026-06-09 17:20:26.147] [WARN] [WARNING] Unknown property box-shadow
[2026-06-09 17:20:26.147] [WARN] [WARNING] Unknown property box-shadow
[2026-06-09 17:20:26.148] [WARN] [WARNING] Unknown property box-shadow
[2026-06-09 17:20:26.148] [WARN] [WARNING] Unknown property box-shadow
[2026-06-09 17:20:26.148] [WARN] [WARNING] Unknown property box-shadow
[2026-06-09 17:20:26.148] [WARN] [WARNING] Unknown property box-shadow
[2026-06-09 17:20:26.148] [WARN] [WARNING] Unknown property box-shadow
[2026-06-09 17:20:26.148] [WARN] [WARNING] Unknown property box-shadow
[2026-06-09 17:20:26.150] [WARN] [WARNING] Unknown property box-shadow
[2026-06-09 17:20:26.150] [WARN] [WARNING] Unknown property box-shadow
[2026-06-09 17:20:26.151] [WARN] [WARNING] Unknown property box-shadow
[2026-06-09 17:20:26.151] [WARN] [WARNING] Unknown property box-shadow
[2026-06-09 17:20:26.151] [WARN] [WARNING] Unknown property box-shadow
[2026-06-09 17:20:26.151] [WARN] [WARNING] Unknown property box-shadow
[2026-06-09 17:20:26.152] [WARN] [WARNING] Unknown property box-shadow
[2026-06-09 17:20:26.152] [WARN] [WARNING] Unknown property box-shadow
[2026-06-09 17:20:26.152] [WARN] [WARNING] Unknown property box-shadow
[2026-06-09 17:20:26.152] [WARN] [WARNING] Unknown property box-shadow
[2026-06-09 17:20:26.153] [WARN] [WARNING] Unknown property box-shadow
[2026-06-09 17:20:26.153] [WARN] [WARNING] Unknown property box-shadow
[2026-06-09 17:20:26.154] [WARN] [WARNING] Unknown property box-shadow
[2026-06-09 17:20:26.154] [WARN] [WARNING] Unknown property box-shadow
[2026-06-09 17:20:26.156] [WARN] [WARNING] Unknown property box-shadow
[2026-06-09 17:20:26.156] [WARN] [WARNING] Unknown property box-shadow
[2026-06-09 17:20:26.156] [WARN] [WARNING] Unknown property box-shadow
[2026-06-09 17:20:26.156] [WARN] [WARNING] Unknown property box-shadow
[2026-06-09 17:20:26.156] [WARN] [WARNING] Unknown property box-shadow
[2026-06-09 17:20:26.156] [WARN] [WARNING] Unknown property box-shadow
[2026-06-09 17:20:26.156] [WARN] [WARNING] Unknown property box-shadow
[2026-06-09 17:20:26.156] [WARN] [WARNING] Unknown property box-shadow
[2026-06-09 17:20:26.156] [WARN] [WARNING] Unknown property box-shadow
[2026-06-09 17:20:26.156] [WARN] [WARNING] Unknown property box-shadow
[2026-06-09 17:20:26.157] [WARN] [WARNING] Unknown property box-shadow
[2026-06-09 17:20:26.158] [WARN] [WARNING] Unknown property box-shadow
[2026-06-09 17:20:26.158] [WARN] [WARNING] Unknown property box-shadow
[2026-06-09 17:20:26.159] [WARN] [WARNING] Unknown property box-shadow
[2026-06-09 17:20:26.160] [WARN] [WARNING] Unknown property box-shadow
[2026-06-09 17:20:26.160] [WARN] [WARNING] Unknown property box-shadow
[2026-06-09 17:20:26.162] [DEBUG] [DEBUG] 创建实时监控页面
[2026-06-09 17:20:26.165] [WARN] [WARNING] Unknown property box-shadow
[2026-06-09 17:20:26.166] [WARN] [WARNING] Unknown property box-shadow
[2026-06-09 17:20:26.167] [WARN] [WARNING] Unknown property box-shadow
[2026-06-09 17:20:26.173] [WARN] [WARNING] Unknown property text-shadow
[2026-06-09 17:20:26.173] [WARN] [WARNING] Unknown property text-shadow
[2026-06-09 17:20:26.173] [WARN] [WARNING] Unknown property box-shadow
[2026-06-09 17:20:26.174] [WARN] [WARNING] Unknown property box-shadow
[2026-06-09 17:20:26.174] [WARN] [WARNING] Unknown property text-shadow
[2026-06-09 17:20:26.174] [WARN] [WARNING] Unknown property text-shadow
[2026-06-09 17:20:26.175] [WARN] [WARNING] Unknown property box-shadow
[2026-06-09 17:20:26.175] [WARN] [WARNING] Unknown property box-shadow
[2026-06-09 17:20:26.177] [WARN] [WARNING] Unknown property box-shadow
[2026-06-09 17:20:26.177] [WARN] [WARNING] Unknown property box-shadow
[2026-06-09 17:20:26.178] [WARN] [WARNING] Unknown property transform
[2026-06-09 17:20:26.178] [WARN] [WARNING] Unknown property transform
[2026-06-09 17:20:26.181] [WARN] [WARNING] Unknown property box-shadow
[2026-06-09 17:20:26.181] [WARN] [WARNING] Unknown property box-shadow
[2026-06-09 17:20:26.182] [WARN] [WARNING] Unknown property box-shadow
[2026-06-09 17:20:26.182] [WARN] [WARNING] Unknown property box-shadow
[2026-06-09 17:20:26.183] [WARN] [WARNING] Unknown property transform
[2026-06-09 17:20:26.183] [WARN] [WARNING] Unknown property transform
[2026-06-09 17:20:26.186] [WARN] [WARNING] Unknown property box-shadow
[2026-06-09 17:20:26.186] [WARN] [WARNING] Unknown property box-shadow
[2026-06-09 17:20:26.186] [WARN] [WARNING] Unknown property text-shadow
[2026-06-09 17:20:26.186] [WARN] [WARNING] Unknown property text-shadow
[2026-06-09 17:20:26.187] [WARN] [WARNING] Unknown property box-shadow
[2026-06-09 17:20:26.187] [WARN] [WARNING] Unknown property box-shadow
[2026-06-09 17:20:26.188] [WARN] [WARNING] Unknown property box-shadow
[2026-06-09 17:20:26.188] [WARN] [WARNING] Unknown property box-shadow
[2026-06-09 17:20:26.192] [WARN] [WARNING] Unknown property box-shadow
[2026-06-09 17:20:26.192] [WARN] [WARNING] Unknown property box-shadow
[2026-06-09 17:20:26.194] [WARN] [WARNING] Unknown property transform
[2026-06-09 17:20:26.194] [WARN] [WARNING] Unknown property transform
[2026-06-09 17:20:26.236] [WARN] [WARNING] Unknown property box-shadow
[2026-06-09 17:20:26.236] [WARN] [WARNING] Unknown property box-shadow
[2026-06-09 17:20:26.237] [WARN] [WARNING] Unknown property text-shadow
[2026-06-09 17:20:26.237] [WARN] [WARNING] Unknown property text-shadow
[2026-06-09 17:20:26.238] [WARN] [WARNING] Unknown property box-shadow
[2026-06-09 17:20:26.238] [WARN] [WARNING] Unknown property box-shadow
[2026-06-09 17:20:26.238] [WARN] [WARNING] Unknown property box-shadow
[2026-06-09 17:20:26.239] [WARN] [WARNING] Unknown property box-shadow
[2026-06-09 17:20:26.240] [WARN] [WARNING] Unknown property box-shadow
[2026-06-09 17:20:26.240] [WARN] [WARNING] Unknown property box-shadow
[2026-06-09 17:20:26.240] [WARN] [WARNING] Unknown property transform
[2026-06-09 17:20:26.241] [WARN] [WARNING] Unknown property transform
[2026-06-09 17:20:26.245] [WARN] [WARNING] Unknown property box-shadow
[2026-06-09 17:20:26.245] [WARN] [WARNING] Unknown property box-shadow
[2026-06-09 17:20:26.245] [WARN] [WARNING] Unknown property text-shadow
[2026-06-09 17:20:26.245] [WARN] [WARNING] Unknown property text-shadow
[2026-06-09 17:20:26.246] [WARN] [WARNING] Unknown property box-shadow
[2026-06-09 17:20:26.246] [WARN] [WARNING] Unknown property box-shadow
[2026-06-09 17:20:26.246] [WARN] [WARNING] Unknown property box-shadow
[2026-06-09 17:20:26.246] [WARN] [WARNING] Unknown property box-shadow
[2026-06-09 17:20:26.247] [WARN] [WARNING] Unknown property box-shadow
[2026-06-09 17:20:26.247] [WARN] [WARNING] Unknown property box-shadow
[2026-06-09 17:20:26.248] [WARN] [WARNING] Unknown property transform
[2026-06-09 17:20:26.248] [WARN] [WARNING] Unknown property transform
[2026-06-09 17:20:26.251] [DEBUG] [DEBUG] 创建系统设置页面
[2026-06-09 17:20:26.265] [WARN] [WARNING] QMetaObject::connectSlotsByName: No matching signal for on_clearTestDataButton_clicked()
[2026-06-09 17:20:26.266] [DEBUG] [DEBUG] 加载语言设置： "中文"
[2026-06-09 17:20:26.266] [DEBUG] [DEBUG] 加载主题设置： "默认"
[2026-06-09 17:20:26.266] [DEBUG] [DEBUG] 加载字体大小设置： 12
[2026-06-09 17:20:26.266] [DEBUG] [DEBUG] 开机自启动状态: 未启用
[2026-06-09 17:20:26.266] [DEBUG] [DEBUG] 注册表值: ""
[2026-06-09 17:20:26.267] [DEBUG] [DEBUG] 当前路径: "\"F:\\气密仪上位机程序\\NewAirPlc_boxed.exe\""
[2026-06-09 17:20:26.267] [DEBUG] [DEBUG] 加载开机自启动设置： false
[2026-06-09 17:20:26.267] [DEBUG] [DEBUG] 开机自启动设置变化: 禁用
[2026-06-09 17:20:26.268] [DEBUG] [DEBUG] 已取消开机自启动
[2026-06-09 17:20:26.268] [DEBUG] [DEBUG] "已取消开机自动启动"
[2026-06-09 17:20:26.268] [DEBUG] [DEBUG] 加载日志错误级别设置： true
[2026-06-09 17:20:26.268] [DEBUG] [DEBUG] 加载日志警告级别设置： true
[2026-06-09 17:20:26.268] [DEBUG] [DEBUG] 加载日志信息级别设置： true
[2026-06-09 17:20:26.269] [DEBUG] [DEBUG] 加载日志调试级别设置： false
[2026-06-09 17:20:26.269] [DEBUG] [DEBUG] 加载日志路径设置： "D:/气密仪上位机程序\\logs"
[2026-06-09 17:20:26.270] [DEBUG] [DEBUG] 加载日志大小设置： 8
[2026-06-09 17:20:26.270] [DEBUG] [DEBUG] 加载日志自动清理设置： "不自动清理"
[2026-06-09 17:20:26.270] [DEBUG] [DEBUG] 加载自动备份设置： true
[2026-06-09 17:20:26.270] [DEBUG] [DEBUG] 加载备份频率设置： "每天"
[2026-06-09 17:20:26.270] [DEBUG] [DEBUG] 加载备份路径设置： "D:/气密仪数据备份"
[2026-06-09 17:20:26.271] [DEBUG] [DEBUG] 加载备份保留数量设置： 1
[2026-06-09 17:20:26.271] [DEBUG] [DEBUG] 加载通知总开关设置： true
[2026-06-09 17:20:26.271] [DEBUG] [DEBUG] 加载声音通知设置： true
[2026-06-09 17:20:26.272] [DEBUG] [DEBUG] 加载任务完成通知设置： true
[2026-06-09 17:20:26.272] [DEBUG] [DEBUG] 加载错误通知设置： true
[2026-06-09 17:20:26.272] [DEBUG] [DEBUG] 加载连接通知设置： true
[2026-06-09 17:20:26.301] [DEBUG] [DEBUG] 已建立ParamSetting到RealtimeMonitor的程序号信号连接
[2026-06-09 17:20:26.301] [DEBUG] [DEBUG] 创建PLC监控页面
[2026-06-09 17:20:26.319] [INFO] PLC监控系统启动
[2026-06-09 17:20:26.340] [DEBUG] [DEBUG] 创建调试页面
[2026-06-09 17:20:26.362] [DEBUG] [DEBUG] 创建气密测试结果页面
[2026-06-09 17:20:26.368] [WARN] [WARNING] QMetaObject::connectSlotsByName: No matching signal for on_monitorTimer_timeout()
[2026-06-09 17:20:30.196] [DEBUG] [DEBUG] 创建用户管理页面
[2026-06-09 17:20:30.198] [DEBUG] [DEBUG] 用户表初始化成功
[2026-06-09 17:20:30.199] [DEBUG] [DEBUG] 管理员账户已存在
[2026-06-09 17:20:30.204] [DEBUG] [DEBUG] 准备连接信号: plcMonitorPage = 0x1408e8c0 , airtightTestResultPage = 0x14314430
[2026-06-09 17:20:30.204] [DEBUG] [DEBUG] 信号连接结果: true
[2026-06-09 17:20:30.204] [DEBUG] [DEBUG] 已建立PlcMonitor到AirtightTestResult的仪器评选号信号连接
[2026-06-09 17:20:30.204] [DEBUG] [DEBUG] 已建立PlcMonitor到RealtimeMonitor的仪器评选号信号连接
[2026-06-09 17:20:30.204] [DEBUG] [DEBUG] 已建立RealtimeMonitor到PlcMonitor的通道结果更新信号连接: true
[2026-06-09 17:20:30.204] [DEBUG] [DEBUG] 已建立AirtightTestResult到RealtimeMonitor的测试结果信号连 true true true
[2026-06-09 17:20:30.204] [DEBUG] [DEBUG] 已建立RealtimeMonitor到AirtightTestResult的产品编号信号连 true
[2026-06-09 17:20:30.204] [DEBUG] [DEBUG] 已建立AirtightTestResult到RealtimeMonitor信号连接: true true true
[2026-06-09 17:20:30.204] [DEBUG] [DEBUG] ========= 确保页面间信号连=========
[2026-06-09 17:20:30.204] [DEBUG] [DEBUG] 已建立PlcMonitor到TcpServerController的程序号信号连接
[2026-06-09 17:20:30.204] [DEBUG] [DEBUG] 已建立AirtightTestResult到TcpServerController的测试结果信号连 true true true
[2026-06-09 17:20:30.205] [DEBUG] [DEBUG] 已设置默认页面为实时监控
[2026-06-09 17:20:30.206] [INFO] 调压装置连接状态更新: 未连接
[2026-06-09 17:20:30.206] [DEBUG] [DEBUG] PlcMonitor::updatePressureConnectionStatus 被调用，状态: 未连接
[2026-06-09 17:20:30.206] [DEBUG] [DEBUG] 已设置调压装置Modbus客户端
[2026-06-09 17:20:30.403] [DEBUG] [DEBUG] RealtimeMonitor收到updatePressureConnectionStatus：connected= false
[2026-06-09 17:20:30.403] [DEBUG] [DEBUG] 延迟同步调压装置连接状 false
[2026-06-09 17:20:30.404] [WARN] [WARNING] Unknown property box-shadow
[2026-06-09 17:20:30.404] [WARN] [WARNING] Unknown property box-shadow
[2026-06-09 17:20:30.461] [INFO] 开始执行自动连接检查...
[2026-06-09 17:20:30.461] [INFO] 检测到PLC需要自动连接
[2026-06-09 17:20:30.461] [INFO] 正在自动连接PLC...
[2026-06-09 17:20:30.461] [INFO] 开始连接PLC...
[2026-06-09 17:20:30.462] [INFO] PLC连接成功
[2026-06-09 17:20:30.580] [INFO] PLC参数已自动保存
[2026-06-09 17:20:30.815] [INFO] 检测到气密仪需要自动连接
[2026-06-09 17:20:30.815] [INFO] 正在自动连接气密仪...
[2026-06-09 17:20:30.815] [INFO] 开始连接气密仪...
[2026-06-09 17:20:30.819] [INFO] 检测到调压装置需要自动连接
[2026-06-09 17:20:30.819] [INFO] 正在自动连接调压装置...
[2026-06-09 17:20:30.819] [DEBUG] [DEBUG] 调压装置Modbus状态变化: "ConnectingState" pressureWasConnected: false
[2026-06-09 17:20:30.820] [INFO] 调压装置连接状态更新: 未连接
[2026-06-09 17:20:30.820] [DEBUG] [DEBUG] PlcMonitor::updatePressureConnectionStatus 被调用，状态: 未连接
[2026-06-09 17:20:30.820] [DEBUG] [DEBUG] 调压装置连接状态变化: 未连接
[2026-06-09 17:20:30.821] [DEBUG] [DEBUG] 调压装置Modbus状态变化: "ConnectedState" pressureWasConnected: false
[2026-06-09 17:20:30.821] [INFO] 调压装置Modbus RTU连接成功: COM4，波特率 9600，从站地址 1
[2026-06-09 17:20:30.821] [DEBUG] [DEBUG] 保存调压装置从站地址:  1
[2026-06-09 17:20:30.923] [INFO] 调压装置参数已保存 - 协议: Modbus RTU, 串口号: COM4, 波特率: 9600, 数据位: 8, 校验位: 无, 停止位: 1
[2026-06-09 17:20:31.224] [INFO] [17:20:31] 调压装置连接成功
[2026-06-09 17:20:31.224] [DEBUG] [DEBUG] ConnectWidget::updatePressureDeviceStatus 发射 pressureConnectionChanged 信号，状态: 已连接
[2026-06-09 17:20:31.224] [INFO] 调压装置连接状态更新: 已连接
[2026-06-09 17:20:31.224] [DEBUG] [DEBUG] PlcMonitor::updatePressureConnectionStatus 被调用，状态: 已连接
[2026-06-09 17:20:31.224] [INFO] 调压装置连接状态更新: 已连接
[2026-06-09 17:20:31.224] [DEBUG] [DEBUG] PlcMonitor::updatePressureConnectionStatus 被调用，状态: 已连接
[2026-06-09 17:20:31.224] [DEBUG] [DEBUG] 调压装置连接状态变化: 已连接
[2026-06-09 17:20:31.224] [INFO] 正在连接调压装置 Modbus RTU 串口 COM4，波特率 9600，从站地址 1
[2026-06-09 17:20:31.224] [INFO] 自动连接检查完成
[2026-06-09 17:20:31.226] [INFO] 气密仪连接成功
[2026-06-09 17:20:31.358] [INFO] 气密仪参数已自动保存
[2026-06-09 17:20:34.045] [DEBUG] [DEBUG] 已将气密仪modbus客户端传递给调试页面
[2026-06-09 17:20:34.045] [DEBUG] [DEBUG] 已将PLC modbus客户端传递给调试页面
[2026-06-09 17:20:34.045] [DEBUG] [DEBUG] 调试页面：已设置调压装置Modbus客户端，当前连接状态: true
[2026-06-09 17:20:37.131] [INFO] 气密仪连接状态更新: 已连接
[2026-06-09 17:20:37.131] [DEBUG] [DEBUG] 已设置气密仪Modbus客户端
[2026-06-09 17:20:37.131] [DEBUG] [DEBUG] 已将气密仪modbus客户端传递给PLC监控页面
[2026-06-09 17:20:37.131] [INFO] PLC监控页面连接状态更新: 已连接
[2026-06-09 17:20:37.131] [DEBUG] [DEBUG] 已设置PLC Modbus客户端
[2026-06-09 17:20:37.131] [DEBUG] [DEBUG] 已将PLC modbus客户端传递给PLC监控页面
[2026-06-09 17:20:37.131] [INFO] 调压装置连接状态更新: 已连接
[2026-06-09 17:20:37.131] [DEBUG] [DEBUG] PlcMonitor::updatePressureConnectionStatus 被调用，状态: 已连接
[2026-06-09 17:20:37.131] [DEBUG] [DEBUG] 已设置调压装置Modbus客户端
[2026-06-09 17:20:37.132] [INFO] 调压装置连接状态更新: 已连接
[2026-06-09 17:20:37.132] [DEBUG] [DEBUG] PlcMonitor::updatePressureConnectionStatus 被调用，状态: 已连接
[2026-06-09 17:20:37.132] [DEBUG] [DEBUG] 已同步调压装置当前连接状态到PLC监控页面: 已连接
[2026-06-09 17:20:48.383] [INFO] ========== 应用程序启动 ==========
[2026-06-09 17:20:48.384] [INFO] 启动时间: 2026-06-09 17:20:48
[2026-06-09 17:20:48.387] [DEBUG] [DEBUG] Successfully connected to database: "airPlc.db"
[2026-06-09 17:20:48.387] [INFO] 数据库连接成功
[2026-06-09 17:20:48.387] [DEBUG] [DEBUG] 数据库连接成功
[2026-06-09 17:20:48.387] [INFO] 内存监控线程已启动
[2026-06-09 17:20:48.387] [INFO] 内存监控 - 当前: 28.63 MB | 峰值: 28.63 MB
[2026-06-09 17:20:48.526] [DEBUG] [DEBUG] 用户表初始化成功
[2026-06-09 17:20:48.526] [DEBUG] [DEBUG] 管理员账户已存在
[2026-06-09 17:20:49.783] [INFO] [INFO] TCP服务器启动成功，端口： 8888
[2026-06-09 17:20:49.784] [CRITICAL] [CRITICAL] Query execution failed: "duplicate column name: auto_connect Unable to execute statement" SQL: "ALTER TABLE plc_parameters ADD COLUMN auto_connect INTEGER DEFAULT 0"
[2026-06-09 17:20:49.784] [CRITICAL] [CRITICAL] Query execution failed: "duplicate column name: last_connect_time Unable to execute statement" SQL: "ALTER TABLE plc_parameters ADD COLUMN last_connect_time TIMESTAMP"
[2026-06-09 17:20:49.784] [CRITICAL] [CRITICAL] Query execution failed: "duplicate column name: last_connect_status Unable to execute statement" SQL: "ALTER TABLE plc_parameters ADD COLUMN last_connect_status TEXT"
[2026-06-09 17:20:49.784] [CRITICAL] [CRITICAL] Query execution failed: "duplicate column name: slave_id Unable to execute statement" SQL: "ALTER TABLE plc_parameters ADD COLUMN slave_id INTEGER DEFAULT 2"
[2026-06-09 17:20:49.784] [CRITICAL] [CRITICAL] Query execution failed: "duplicate column name: auto_connect Unable to execute statement" SQL: "ALTER TABLE air_tightness_parameters ADD COLUMN auto_connect INTEGER DEFAULT 0"
[2026-06-09 17:20:49.784] [CRITICAL] [CRITICAL] Query execution failed: "duplicate column name: last_connect_time Unable to execute statement" SQL: "ALTER TABLE air_tightness_parameters ADD COLUMN last_connect_time TIMESTAMP"
[2026-06-09 17:20:49.784] [CRITICAL] [CRITICAL] Query execution failed: "duplicate column name: last_connect_status Unable to execute statement" SQL: "ALTER TABLE air_tightness_parameters ADD COLUMN last_connect_status TEXT"
[2026-06-09 17:20:49.784] [CRITICAL] [CRITICAL] Query execution failed: "duplicate column name: regulator_pressure Unable to execute statement" SQL: "ALTER TABLE air_tightness_full_params ADD COLUMN regulator_pressure REAL DEFAULT 0"
[2026-06-09 17:20:49.785] [DEBUG] [DEBUG] 用户表初始化成功
[2026-06-09 17:20:49.785] [DEBUG] [DEBUG] 用户表初始化成功
[2026-06-09 17:20:49.785] [DEBUG] [DEBUG] 管理员账户已存在
[2026-06-09 17:20:49.785] [DEBUG] [DEBUG] 初始化数据库备份管理..
[2026-06-09 17:20:49.785] [DEBUG] [DEBUG] 初始化数据库备份管理器...
[2026-06-09 17:20:49.786] [DEBUG] [DEBUG] 加载备份配置 - 上次备份时间: "2026-06-09 00:00:00" , 备份模式: "每天" , 备份间隔: 15 天 , 自动备份: 已启用
[2026-06-09 17:20:49.786] [DEBUG] [DEBUG] 从数据库同步备份配置...
[2026-06-09 17:20:49.786] [DEBUG] [DEBUG] 同步备份路径: "D:/气密仪数据备份"
[2026-06-09 17:20:49.786] [DEBUG] [DEBUG] 同步备份保留数量: 1
[2026-06-09 17:20:49.786] [DEBUG] [DEBUG] 数据库备份配置同步完成
[2026-06-09 17:20:49.833] [DEBUG] [DEBUG] 已调度下次备份时间: "2026-06-10 00:00:00" , 距离现在: 23950 秒
[2026-06-09 17:20:49.834] [DEBUG] [DEBUG] 数据库备份管理器初始化完成
[2026-06-09 17:20:49.834] [DEBUG] [DEBUG] 上次备份时间: "2026-06-09 00:00:00"
[2026-06-09 17:20:49.835] [DEBUG] [DEBUG] 下次备份时间: "2026-06-10 00:00:00"
[2026-06-09 17:20:49.835] [DEBUG] [DEBUG] 初始化开机自启动设置...
[2026-06-09 17:20:49.836] [DEBUG] [DEBUG] 开机自启动状态: 未启用
[2026-06-09 17:20:49.836] [DEBUG] [DEBUG] 注册表值: ""
[2026-06-09 17:20:49.837] [DEBUG] [DEBUG] 当前路径: "\"F:\\气密仪上位机程序\\NewAirPlc_boxed.exe\""
[2026-06-09 17:20:49.837] [DEBUG] [DEBUG] 当前开机自启动状态: 未启用
[2026-06-09 17:20:49.837] [DEBUG] [DEBUG] 开始初始化UI
[2026-06-09 17:20:49.837] [DEBUG] [DEBUG] 创建连接页面
[2026-06-09 17:20:49.841] [WARN] [WARNING] Unknown property box-shadow
[2026-06-09 17:20:49.854] [WARN] [WARNING] Unknown property -webkit-background-clip
[2026-06-09 17:20:49.854] [WARN] [WARNING] Unknown property -webkit-text-fill-color
[2026-06-09 17:20:49.854] [WARN] [WARNING] Unknown property -webkit-background-clip
[2026-06-09 17:20:49.854] [WARN] [WARNING] Unknown property -webkit-text-fill-color
[2026-06-09 17:20:49.855] [WARN] [WARNING] Unknown property box-shadow
[2026-06-09 17:20:49.855] [WARN] [WARNING] Unknown property box-shadow
[2026-06-09 17:20:49.855] [WARN] [WARNING] Unknown property -webkit-background-clip
[2026-06-09 17:20:49.856] [WARN] [WARNING] Unknown property -webkit-text-fill-color
[2026-06-09 17:20:49.856] [WARN] [WARNING] Unknown property -webkit-background-clip
[2026-06-09 17:20:49.856] [WARN] [WARNING] Unknown property -webkit-text-fill-color
[2026-06-09 17:20:49.863] [WARN] [WARNING] Unknown property transform
[2026-06-09 17:20:49.863] [WARN] [WARNING] Unknown property transform
[2026-06-09 17:20:49.873] [WARN] [WARNING] Unknown property transform
[2026-06-09 17:20:49.873] [WARN] [WARNING] Unknown property transform
[2026-06-09 17:20:49.873] [WARN] [WARNING] Unknown property transform
[2026-06-09 17:20:49.873] [WARN] [WARNING] Unknown property transform
[2026-06-09 17:20:49.878] [WARN] [WARNING] Unknown property transform
[2026-06-09 17:20:49.879] [WARN] [WARNING] Unknown property transform
[2026-06-09 17:20:49.881] [WARN] [WARNING] Unknown property transform
[2026-06-09 17:20:49.881] [WARN] [WARNING] Unknown property transform
[2026-06-09 17:20:49.882] [WARN] [WARNING] Unknown property transform
[2026-06-09 17:20:49.882] [WARN] [WARNING] Unknown property transform
[2026-06-09 17:20:49.892] [WARN] [WARNING] Unknown property transform
[2026-06-09 17:20:49.892] [WARN] [WARNING] Unknown property transform
[2026-06-09 17:20:49.892] [WARN] [WARNING] Unknown property transform
[2026-06-09 17:20:49.892] [WARN] [WARNING] Unknown property transform
[2026-06-09 17:20:49.895] [WARN] [WARNING] Unknown property transform
[2026-06-09 17:20:49.895] [WARN] [WARNING] Unknown property transform
[2026-06-09 17:20:49.896] [WARN] [WARNING] Unknown property transform
[2026-06-09 17:20:49.896] [WARN] [WARNING] Unknown property transform
[2026-06-09 17:20:49.901] [WARN] [WARNING] Unknown property transform
[2026-06-09 17:20:49.901] [WARN] [WARNING] Unknown property transform
[2026-06-09 17:20:49.901] [WARN] [WARNING] Unknown property transform
[2026-06-09 17:20:49.902] [WARN] [WARNING] Unknown property transform
[2026-06-09 17:20:49.904] [WARN] [WARNING] Unknown property transform
[2026-06-09 17:20:49.904] [WARN] [WARNING] Unknown property transform
[2026-06-09 17:20:49.904] [WARN] [WARNING] Unknown property transform
[2026-06-09 17:20:49.904] [WARN] [WARNING] Unknown property transform
[2026-06-09 17:20:49.904] [WARN] [WARNING] Unknown property box-shadow
[2026-06-09 17:20:49.904] [WARN] [WARNING] Unknown property box-shadow
[2026-06-09 17:20:49.904] [WARN] [WARNING] Unknown property -webkit-background-clip
[2026-06-09 17:20:49.904] [WARN] [WARNING] Unknown property -webkit-text-fill-color
[2026-06-09 17:20:49.904] [WARN] [WARNING] Unknown property -webkit-background-clip
[2026-06-09 17:20:49.904] [WARN] [WARNING] Unknown property -webkit-text-fill-color
[2026-06-09 17:20:49.913] [WARN] [WARNING] Unknown property transform
[2026-06-09 17:20:49.913] [WARN] [WARNING] Unknown property transform
[2026-06-09 17:20:49.914] [WARN] [WARNING] Unknown property transform
[2026-06-09 17:20:49.914] [WARN] [WARNING] Unknown property transform
[2026-06-09 17:20:49.915] [WARN] [WARNING] Unknown property transform
[2026-06-09 17:20:49.915] [WARN] [WARNING] Unknown property transform
[2026-06-09 17:20:49.918] [WARN] [WARNING] Unknown property transform
[2026-06-09 17:20:49.918] [WARN] [WARNING] Unknown property transform
[2026-06-09 17:20:49.918] [WARN] [WARNING] Unknown property transform
[2026-06-09 17:20:49.918] [WARN] [WARNING] Unknown property transform
[2026-06-09 17:20:49.931] [INFO] 系统启动，开始初始化设备连接
[2026-06-09 17:20:49.937] [INFO] 检测到串口: COM4, 制造商: wch.cn, 描述: USB-SERIAL CH340
[2026-06-09 17:20:49.938] [INFO] 检测到串口: COM1, 制造商: (标准端口类型), 描述: 通信端口
[2026-06-09 17:20:49.938] [INFO] 检测到串口: COM3, 制造商: wch.cn, 描述: USB-SERIAL CH340
[2026-06-09 17:20:49.938] [DEBUG] [DEBUG] 加载PLC从站地址:  2
[2026-06-09 17:20:49.938] [INFO] PLC连接参数加载完成
[2026-06-09 17:20:49.938] [INFO] 气密仪连接参数加载完成
[2026-06-09 17:20:49.939] [DEBUG] [DEBUG] 加载调压装置从站地址:  1
[2026-06-09 17:20:49.939] [INFO] 调压装置连接参数加载完成
[2026-06-09 17:20:49.939] [INFO] PLC协议已切换为: Modbus RTU
[2026-06-09 17:20:49.939] [INFO] 气密仪连接方式已切换为: 以太网
[2026-06-09 17:20:49.939] [INFO] [17:20:49] 调压装置未连接
[2026-06-09 17:20:49.939] [DEBUG] [DEBUG] ConnectWidget::updatePressureDeviceStatus 发射 pressureConnectionChanged 信号，状态: 未连接
[2026-06-09 17:20:49.940] [WARN] [WARNING] Unknown property box-shadow
[2026-06-09 17:20:49.941] [WARN] [WARNING] Unknown property box-shadow
[2026-06-09 17:20:49.941] [WARN] [WARNING] Unknown property -webkit-background-clip
[2026-06-09 17:20:49.941] [WARN] [WARNING] Unknown property -webkit-text-fill-color
[2026-06-09 17:20:49.941] [WARN] [WARNING] Unknown property -webkit-background-clip
[2026-06-09 17:20:49.941] [WARN] [WARNING] Unknown property -webkit-text-fill-color
[2026-06-09 17:20:49.946] [WARN] [WARNING] Unknown property transform
[2026-06-09 17:20:49.946] [WARN] [WARNING] Unknown property transform
[2026-06-09 17:20:49.951] [WARN] [WARNING] Unknown property transform
[2026-06-09 17:20:49.951] [WARN] [WARNING] Unknown property transform
[2026-06-09 17:20:49.951] [WARN] [WARNING] Unknown property transform
[2026-06-09 17:20:49.951] [WARN] [WARNING] Unknown property transform
[2026-06-09 17:20:49.956] [WARN] [WARNING] Unknown property transform
[2026-06-09 17:20:49.956] [WARN] [WARNING] Unknown property transform
[2026-06-09 17:20:49.956] [WARN] [WARNING] Unknown property transform
[2026-06-09 17:20:49.956] [WARN] [WARNING] Unknown property transform
[2026-06-09 17:20:49.961] [WARN] [WARNING] Unknown property transform
[2026-06-09 17:20:49.961] [WARN] [WARNING] Unknown property transform
[2026-06-09 17:20:49.961] [WARN] [WARNING] Unknown property transform
[2026-06-09 17:20:49.961] [WARN] [WARNING] Unknown property transform
[2026-06-09 17:20:49.990] [WARN] [WARNING] Unknown property box-shadow
[2026-06-09 17:20:49.990] [WARN] [WARNING] Unknown property box-shadow
[2026-06-09 17:20:49.990] [WARN] [WARNING] Unknown property -webkit-background-clip
[2026-06-09 17:20:49.990] [WARN] [WARNING] Unknown property -webkit-text-fill-color
[2026-06-09 17:20:49.990] [WARN] [WARNING] Unknown property -webkit-background-clip
[2026-06-09 17:20:49.990] [WARN] [WARNING] Unknown property -webkit-text-fill-color
[2026-06-09 17:20:49.994] [WARN] [WARNING] Unknown property transform
[2026-06-09 17:20:49.994] [WARN] [WARNING] Unknown property transform
[2026-06-09 17:20:49.998] [WARN] [WARNING] Unknown property transform
[2026-06-09 17:20:49.998] [WARN] [WARNING] Unknown property transform
[2026-06-09 17:20:49.998] [WARN] [WARNING] Unknown property transform
[2026-06-09 17:20:49.998] [WARN] [WARNING] Unknown property transform
[2026-06-09 17:20:50.005] [WARN] [WARNING] Unknown property transform
[2026-06-09 17:20:50.006] [WARN] [WARNING] Unknown property transform
[2026-06-09 17:20:50.006] [WARN] [WARNING] Unknown property transform
[2026-06-09 17:20:50.006] [WARN] [WARNING] Unknown property transform
[2026-06-09 17:20:50.012] [WARN] [WARNING] Unknown property transform
[2026-06-09 17:20:50.012] [WARN] [WARNING] Unknown property transform
[2026-06-09 17:20:50.012] [WARN] [WARNING] Unknown property transform
[2026-06-09 17:20:50.012] [WARN] [WARNING] Unknown property transform
[2026-06-09 17:20:50.013] [DEBUG] [DEBUG] 创建参数设置页面
[2026-06-09 17:20:50.023] [WARN] [WARNING] Unknown property box-shadow
[2026-06-09 17:20:50.023] [WARN] [WARNING] Unknown property box-shadow
[2026-06-09 17:20:50.024] [WARN] [WARNING] Unknown property box-shadow
[2026-06-09 17:20:50.024] [WARN] [WARNING] Unknown property box-shadow
[2026-06-09 17:20:50.025] [WARN] [WARNING] Unknown property box-shadow
[2026-06-09 17:20:50.025] [WARN] [WARNING] Unknown property box-shadow
[2026-06-09 17:20:50.026] [WARN] [WARNING] Unknown property box-shadow
[2026-06-09 17:20:50.026] [WARN] [WARNING] Unknown property box-shadow
[2026-06-09 17:20:50.028] [WARN] [WARNING] Unknown property box-shadow
[2026-06-09 17:20:50.028] [WARN] [WARNING] Unknown property box-shadow
[2026-06-09 17:20:50.028] [WARN] [WARNING] Unknown property box-shadow
[2026-06-09 17:20:50.028] [WARN] [WARNING] Unknown property box-shadow
[2026-06-09 17:20:50.029] [WARN] [WARNING] Unknown property box-shadow
[2026-06-09 17:20:50.029] [WARN] [WARNING] Unknown property box-shadow
[2026-06-09 17:20:50.029] [WARN] [WARNING] Unknown property box-shadow
[2026-06-09 17:20:50.029] [WARN] [WARNING] Unknown property box-shadow
[2026-06-09 17:20:50.030] [WARN] [WARNING] Unknown property box-shadow
[2026-06-09 17:20:50.030] [WARN] [WARNING] Unknown property box-shadow
[2026-06-09 17:20:50.030] [WARN] [WARNING] Unknown property box-shadow
[2026-06-09 17:20:50.030] [WARN] [WARNING] Unknown property box-shadow
[2026-06-09 17:20:50.030] [WARN] [WARNING] Unknown property box-shadow
[2026-06-09 17:20:50.031] [WARN] [WARNING] Unknown property box-shadow
[2026-06-09 17:20:50.031] [WARN] [WARNING] Unknown property box-shadow
[2026-06-09 17:20:50.031] [WARN] [WARNING] Unknown property box-shadow
[2026-06-09 17:20:50.032] [WARN] [WARNING] Unknown property box-shadow
[2026-06-09 17:20:50.032] [WARN] [WARNING] Unknown property box-shadow
[2026-06-09 17:20:50.033] [WARN] [WARNING] Unknown property box-shadow
[2026-06-09 17:20:50.033] [WARN] [WARNING] Unknown property box-shadow
[2026-06-09 17:20:50.033] [WARN] [WARNING] Unknown property box-shadow
[2026-06-09 17:20:50.033] [WARN] [WARNING] Unknown property box-shadow
[2026-06-09 17:20:50.034] [WARN] [WARNING] Unknown property box-shadow
[2026-06-09 17:20:50.034] [WARN] [WARNING] Unknown property box-shadow
[2026-06-09 17:20:50.035] [WARN] [WARNING] Unknown property box-shadow
[2026-06-09 17:20:50.035] [WARN] [WARNING] Unknown property box-shadow
[2026-06-09 17:20:50.035] [WARN] [WARNING] Unknown property box-shadow
[2026-06-09 17:20:50.035] [WARN] [WARNING] Unknown property box-shadow
[2026-06-09 17:20:50.036] [WARN] [WARNING] Unknown property box-shadow
[2026-06-09 17:20:50.036] [WARN] [WARNING] Unknown property box-shadow
[2026-06-09 17:20:50.037] [WARN] [WARNING] Unknown property box-shadow
[2026-06-09 17:20:50.037] [WARN] [WARNING] Unknown property box-shadow
[2026-06-09 17:20:50.037] [WARN] [WARNING] Unknown property box-shadow
[2026-06-09 17:20:50.037] [WARN] [WARNING] Unknown property box-shadow
[2026-06-09 17:20:50.037] [WARN] [WARNING] Unknown property box-shadow
[2026-06-09 17:20:50.037] [WARN] [WARNING] Unknown property box-shadow
[2026-06-09 17:20:50.038] [WARN] [WARNING] Unknown property box-shadow
[2026-06-09 17:20:50.038] [WARN] [WARNING] Unknown property box-shadow
[2026-06-09 17:20:50.038] [WARN] [WARNING] Unknown property box-shadow
[2026-06-09 17:20:50.038] [WARN] [WARNING] Unknown property box-shadow
[2026-06-09 17:20:50.042] [WARN] [WARNING] Unknown property box-shadow
[2026-06-09 17:20:50.042] [WARN] [WARNING] Unknown property box-shadow
[2026-06-09 17:20:50.043] [WARN] [WARNING] Unknown property box-shadow
[2026-06-09 17:20:50.043] [WARN] [WARNING] Unknown property box-shadow
[2026-06-09 17:20:50.043] [WARN] [WARNING] Unknown property box-shadow
[2026-06-09 17:20:50.043] [WARN] [WARNING] Unknown property box-shadow
[2026-06-09 17:20:50.043] [WARN] [WARNING] Unknown property box-shadow
[2026-06-09 17:20:50.043] [WARN] [WARNING] Unknown property box-shadow
[2026-06-09 17:20:50.043] [WARN] [WARNING] Unknown property box-shadow
[2026-06-09 17:20:50.043] [WARN] [WARNING] Unknown property box-shadow
[2026-06-09 17:20:50.044] [WARN] [WARNING] Unknown property box-shadow
[2026-06-09 17:20:50.044] [WARN] [WARNING] Unknown property box-shadow
[2026-06-09 17:20:50.044] [WARN] [WARNING] Unknown property box-shadow
[2026-06-09 17:20:50.044] [WARN] [WARNING] Unknown property box-shadow
[2026-06-09 17:20:50.044] [WARN] [WARNING] Unknown property box-shadow
[2026-06-09 17:20:50.044] [WARN] [WARNING] Unknown property box-shadow
[2026-06-09 17:20:50.045] [WARN] [WARNING] Unknown property box-shadow
[2026-06-09 17:20:50.045] [WARN] [WARNING] Unknown property box-shadow
[2026-06-09 17:20:50.045] [WARN] [WARNING] Unknown property box-shadow
[2026-06-09 17:20:50.045] [WARN] [WARNING] Unknown property box-shadow
[2026-06-09 17:20:50.046] [WARN] [WARNING] Unknown property box-shadow
[2026-06-09 17:20:50.046] [WARN] [WARNING] Unknown property box-shadow
[2026-06-09 17:20:50.047] [WARN] [WARNING] Unknown property box-shadow
[2026-06-09 17:20:50.047] [WARN] [WARNING] Unknown property box-shadow
[2026-06-09 17:20:50.047] [WARN] [WARNING] Unknown property box-shadow
[2026-06-09 17:20:50.047] [WARN] [WARNING] Unknown property box-shadow
[2026-06-09 17:20:50.047] [WARN] [WARNING] Unknown property box-shadow
[2026-06-09 17:20:50.047] [WARN] [WARNING] Unknown property box-shadow
[2026-06-09 17:20:50.048] [WARN] [WARNING] Unknown property box-shadow
[2026-06-09 17:20:50.048] [WARN] [WARNING] Unknown property box-shadow
[2026-06-09 17:20:50.048] [WARN] [WARNING] Unknown property box-shadow
[2026-06-09 17:20:50.048] [WARN] [WARNING] Unknown property box-shadow
[2026-06-09 17:20:50.049] [WARN] [WARNING] Unknown property box-shadow
[2026-06-09 17:20:50.049] [WARN] [WARNING] Unknown property box-shadow
[2026-06-09 17:20:50.050] [WARN] [WARNING] Unknown property box-shadow
[2026-06-09 17:20:50.050] [WARN] [WARNING] Unknown property box-shadow
[2026-06-09 17:20:50.052] [WARN] [WARNING] Unknown property box-shadow
[2026-06-09 17:20:50.052] [WARN] [WARNING] Unknown property box-shadow
[2026-06-09 17:20:50.052] [WARN] [WARNING] Unknown property box-shadow
[2026-06-09 17:20:50.052] [WARN] [WARNING] Unknown property box-shadow
[2026-06-09 17:20:50.053] [WARN] [WARNING] Unknown property box-shadow
[2026-06-09 17:20:50.053] [WARN] [WARNING] Unknown property box-shadow
[2026-06-09 17:20:50.053] [WARN] [WARNING] Unknown property box-shadow
[2026-06-09 17:20:50.053] [WARN] [WARNING] Unknown property box-shadow
[2026-06-09 17:20:50.053] [WARN] [WARNING] Unknown property box-shadow
[2026-06-09 17:20:50.053] [WARN] [WARNING] Unknown property box-shadow
[2026-06-09 17:20:50.054] [WARN] [WARNING] Unknown property box-shadow
[2026-06-09 17:20:50.054] [WARN] [WARNING] Unknown property box-shadow
[2026-06-09 17:20:50.054] [WARN] [WARNING] Unknown property box-shadow
[2026-06-09 17:20:50.055] [WARN] [WARNING] Unknown property box-shadow
[2026-06-09 17:20:50.055] [WARN] [WARNING] Unknown property box-shadow
[2026-06-09 17:20:50.055] [WARN] [WARNING] Unknown property box-shadow
[2026-06-09 17:20:50.055] [WARN] [WARNING] Unknown property box-shadow
[2026-06-09 17:20:50.055] [WARN] [WARNING] Unknown property box-shadow
[2026-06-09 17:20:50.055] [WARN] [WARNING] Unknown property box-shadow
[2026-06-09 17:20:50.055] [WARN] [WARNING] Unknown property box-shadow
[2026-06-09 17:20:50.056] [WARN] [WARNING] Unknown property box-shadow
[2026-06-09 17:20:50.056] [WARN] [WARNING] Unknown property box-shadow
[2026-06-09 17:20:50.056] [WARN] [WARNING] Unknown property box-shadow
[2026-06-09 17:20:50.056] [WARN] [WARNING] Unknown property box-shadow
[2026-06-09 17:20:50.057] [WARN] [WARNING] Unknown property box-shadow
[2026-06-09 17:20:50.057] [WARN] [WARNING] Unknown property box-shadow
[2026-06-09 17:20:50.057] [WARN] [WARNING] Unknown property box-shadow
[2026-06-09 17:20:50.057] [WARN] [WARNING] Unknown property box-shadow
[2026-06-09 17:20:50.057] [WARN] [WARNING] Unknown property box-shadow
[2026-06-09 17:20:50.057] [WARN] [WARNING] Unknown property box-shadow
[2026-06-09 17:20:50.058] [WARN] [WARNING] Unknown property box-shadow
[2026-06-09 17:20:50.058] [WARN] [WARNING] Unknown property box-shadow
[2026-06-09 17:20:50.058] [WARN] [WARNING] Unknown property box-shadow
[2026-06-09 17:20:50.058] [WARN] [WARNING] Unknown property box-shadow
[2026-06-09 17:20:50.058] [WARN] [WARNING] Unknown property box-shadow
[2026-06-09 17:20:50.058] [WARN] [WARNING] Unknown property box-shadow
[2026-06-09 17:20:50.059] [WARN] [WARNING] Unknown property box-shadow
[2026-06-09 17:20:50.059] [WARN] [WARNING] Unknown property box-shadow
[2026-06-09 17:20:50.059] [WARN] [WARNING] Unknown property box-shadow
[2026-06-09 17:20:50.059] [WARN] [WARNING] Unknown property box-shadow
[2026-06-09 17:20:50.060] [WARN] [WARNING] Unknown property box-shadow
[2026-06-09 17:20:50.060] [WARN] [WARNING] Unknown property box-shadow
[2026-06-09 17:20:50.066] [WARN] [WARNING] QMetaObject::connectSlotsByName: No matching signal for on_loadParametersButton_clicked()
[2026-06-09 17:20:50.073] [DEBUG] [DEBUG] 参数列表已更新，共 6 条记录
[2026-06-09 17:20:50.073] [DEBUG] [DEBUG] 参数列表更新：共 6 条记录
[2026-06-09 17:20:50.073] [DEBUG] [DEBUG] "参数组_20260609_140638_程序6 (创建于: 2026-05-21 18:56)"
[2026-06-09 17:20:50.073] [DEBUG] [DEBUG] "参数组_20260609_140626_程序5 (创建于: 2026-05-21 18:53)"
[2026-06-09 17:20:50.073] [DEBUG] [DEBUG] "参数组_20260609_140538_程序4 (创建于: 2026-05-21 18:50)"
[2026-06-09 17:20:50.073] [DEBUG] [DEBUG] "参数组_20260609_135903_程序3 (创建于: 2026-01-13 11:42)"
[2026-06-09 17:20:50.073] [DEBUG] [DEBUG] "参数组_20260609_135227_程序2 (创建于: 2026-01-13 11:41)"
[2026-06-09 17:20:50.073] [DEBUG] [DEBUG] "参数组_20260609_133109_程序1 (创建于: 2026-01-13 11:40)"
[2026-06-09 17:20:50.075] [DEBUG] [DEBUG] 已从数据库加载程序1的参数
[2026-06-09 17:20:50.091] [WARN] [WARNING] Unknown property box-shadow
[2026-06-09 17:20:50.091] [WARN] [WARNING] Unknown property box-shadow
[2026-06-09 17:20:50.093] [WARN] [WARNING] Unknown property box-shadow
[2026-06-09 17:20:50.093] [WARN] [WARNING] Unknown property box-shadow
[2026-06-09 17:20:50.093] [WARN] [WARNING] Unknown property box-shadow
[2026-06-09 17:20:50.093] [WARN] [WARNING] Unknown property box-shadow
[2026-06-09 17:20:50.093] [WARN] [WARNING] Unknown property box-shadow
[2026-06-09 17:20:50.093] [WARN] [WARNING] Unknown property box-shadow
[2026-06-09 17:20:50.093] [WARN] [WARNING] Unknown property box-shadow
[2026-06-09 17:20:50.093] [WARN] [WARNING] Unknown property box-shadow
[2026-06-09 17:20:50.094] [WARN] [WARNING] Unknown property box-shadow
[2026-06-09 17:20:50.094] [WARN] [WARNING] Unknown property box-shadow
[2026-06-09 17:20:50.094] [WARN] [WARNING] Unknown property box-shadow
[2026-06-09 17:20:50.094] [WARN] [WARNING] Unknown property box-shadow
[2026-06-09 17:20:50.095] [WARN] [WARNING] Unknown property box-shadow
[2026-06-09 17:20:50.095] [WARN] [WARNING] Unknown property box-shadow
[2026-06-09 17:20:50.096] [WARN] [WARNING] Unknown property box-shadow
[2026-06-09 17:20:50.096] [WARN] [WARNING] Unknown property box-shadow
[2026-06-09 17:20:50.096] [WARN] [WARNING] Unknown property box-shadow
[2026-06-09 17:20:50.096] [WARN] [WARNING] Unknown property box-shadow
[2026-06-09 17:20:50.096] [WARN] [WARNING] Unknown property box-shadow
[2026-06-09 17:20:50.096] [WARN] [WARNING] Unknown property box-shadow
[2026-06-09 17:20:50.097] [WARN] [WARNING] Unknown property box-shadow
[2026-06-09 17:20:50.097] [WARN] [WARNING] Unknown property box-shadow
[2026-06-09 17:20:50.099] [WARN] [WARNING] Unknown property box-shadow
[2026-06-09 17:20:50.099] [WARN] [WARNING] Unknown property box-shadow
[2026-06-09 17:20:50.100] [WARN] [WARNING] Unknown property box-shadow
[2026-06-09 17:20:50.100] [WARN] [WARNING] Unknown property box-shadow
[2026-06-09 17:20:50.100] [WARN] [WARNING] Unknown property box-shadow
[2026-06-09 17:20:50.100] [WARN] [WARNING] Unknown property box-shadow
[2026-06-09 17:20:50.101] [WARN] [WARNING] Unknown property box-shadow
[2026-06-09 17:20:50.101] [WARN] [WARNING] Unknown property box-shadow
[2026-06-09 17:20:50.101] [WARN] [WARNING] Unknown property box-shadow
[2026-06-09 17:20:50.101] [WARN] [WARNING] Unknown property box-shadow
[2026-06-09 17:20:50.101] [WARN] [WARNING] Unknown property box-shadow
[2026-06-09 17:20:50.101] [WARN] [WARNING] Unknown property box-shadow
[2026-06-09 17:20:50.102] [WARN] [WARNING] Unknown property box-shadow
[2026-06-09 17:20:50.102] [WARN] [WARNING] Unknown property box-shadow
[2026-06-09 17:20:50.102] [WARN] [WARNING] Unknown property box-shadow
[2026-06-09 17:20:50.102] [WARN] [WARNING] Unknown property box-shadow
[2026-06-09 17:20:50.103] [WARN] [WARNING] Unknown property box-shadow
[2026-06-09 17:20:50.103] [WARN] [WARNING] Unknown property box-shadow
[2026-06-09 17:20:50.109] [WARN] [WARNING] Unknown property box-shadow
[2026-06-09 17:20:50.109] [WARN] [WARNING] Unknown property box-shadow
[2026-06-09 17:20:50.110] [WARN] [WARNING] Unknown property box-shadow
[2026-06-09 17:20:50.110] [WARN] [WARNING] Unknown property box-shadow
[2026-06-09 17:20:50.110] [WARN] [WARNING] Unknown property box-shadow
[2026-06-09 17:20:50.110] [WARN] [WARNING] Unknown property box-shadow
[2026-06-09 17:20:50.110] [WARN] [WARNING] Unknown property box-shadow
[2026-06-09 17:20:50.110] [WARN] [WARNING] Unknown property box-shadow
[2026-06-09 17:20:50.111] [WARN] [WARNING] Unknown property box-shadow
[2026-06-09 17:20:50.111] [WARN] [WARNING] Unknown property box-shadow
[2026-06-09 17:20:50.111] [WARN] [WARNING] Unknown property box-shadow
[2026-06-09 17:20:50.111] [WARN] [WARNING] Unknown property box-shadow
[2026-06-09 17:20:50.112] [WARN] [WARNING] Unknown property box-shadow
[2026-06-09 17:20:50.112] [WARN] [WARNING] Unknown property box-shadow
[2026-06-09 17:20:50.113] [WARN] [WARNING] Unknown property box-shadow
[2026-06-09 17:20:50.113] [WARN] [WARNING] Unknown property box-shadow
[2026-06-09 17:20:50.114] [WARN] [WARNING] Unknown property box-shadow
[2026-06-09 17:20:50.114] [WARN] [WARNING] Unknown property box-shadow
[2026-06-09 17:20:50.114] [WARN] [WARNING] Unknown property box-shadow
[2026-06-09 17:20:50.114] [WARN] [WARNING] Unknown property box-shadow
[2026-06-09 17:20:50.115] [WARN] [WARNING] Unknown property box-shadow
[2026-06-09 17:20:50.115] [WARN] [WARNING] Unknown property box-shadow
[2026-06-09 17:20:50.116] [WARN] [WARNING] Unknown property box-shadow
[2026-06-09 17:20:50.116] [WARN] [WARNING] Unknown property box-shadow
[2026-06-09 17:20:50.117] [WARN] [WARNING] Unknown property box-shadow
[2026-06-09 17:20:50.117] [WARN] [WARNING] Unknown property box-shadow
[2026-06-09 17:20:50.118] [WARN] [WARNING] Unknown property box-shadow
[2026-06-09 17:20:50.118] [WARN] [WARNING] Unknown property box-shadow
[2026-06-09 17:20:50.119] [WARN] [WARNING] Unknown property box-shadow
[2026-06-09 17:20:50.119] [WARN] [WARNING] Unknown property box-shadow
[2026-06-09 17:20:50.119] [WARN] [WARNING] Unknown property box-shadow
[2026-06-09 17:20:50.119] [WARN] [WARNING] Unknown property box-shadow
[2026-06-09 17:20:50.119] [WARN] [WARNING] Unknown property box-shadow
[2026-06-09 17:20:50.119] [WARN] [WARNING] Unknown property box-shadow
[2026-06-09 17:20:50.120] [WARN] [WARNING] Unknown property box-shadow
[2026-06-09 17:20:50.120] [WARN] [WARNING] Unknown property box-shadow
[2026-06-09 17:20:50.120] [WARN] [WARNING] Unknown property box-shadow
[2026-06-09 17:20:50.120] [WARN] [WARNING] Unknown property box-shadow
[2026-06-09 17:20:50.121] [WARN] [WARNING] Unknown property box-shadow
[2026-06-09 17:20:50.121] [WARN] [WARNING] Unknown property box-shadow
[2026-06-09 17:20:50.123] [WARN] [WARNING] Unknown property box-shadow
[2026-06-09 17:20:50.123] [WARN] [WARNING] Unknown property box-shadow
[2026-06-09 17:20:50.126] [DEBUG] [DEBUG] 创建实时监控页面
[2026-06-09 17:20:50.133] [WARN] [WARNING] Unknown property box-shadow
[2026-06-09 17:20:50.135] [WARN] [WARNING] Unknown property box-shadow
[2026-06-09 17:20:50.136] [WARN] [WARNING] Unknown property box-shadow
[2026-06-09 17:20:50.144] [WARN] [WARNING] Unknown property text-shadow
[2026-06-09 17:20:50.144] [WARN] [WARNING] Unknown property text-shadow
[2026-06-09 17:20:50.144] [WARN] [WARNING] Unknown property box-shadow
[2026-06-09 17:20:50.144] [WARN] [WARNING] Unknown property box-shadow
[2026-06-09 17:20:50.145] [WARN] [WARNING] Unknown property text-shadow
[2026-06-09 17:20:50.145] [WARN] [WARNING] Unknown property text-shadow
[2026-06-09 17:20:50.146] [WARN] [WARNING] Unknown property box-shadow
[2026-06-09 17:20:50.146] [WARN] [WARNING] Unknown property box-shadow
[2026-06-09 17:20:50.148] [WARN] [WARNING] Unknown property box-shadow
[2026-06-09 17:20:50.148] [WARN] [WARNING] Unknown property box-shadow
[2026-06-09 17:20:50.148] [WARN] [WARNING] Unknown property transform
[2026-06-09 17:20:50.149] [WARN] [WARNING] Unknown property transform
[2026-06-09 17:20:50.152] [WARN] [WARNING] Unknown property box-shadow
[2026-06-09 17:20:50.152] [WARN] [WARNING] Unknown property box-shadow
[2026-06-09 17:20:50.153] [WARN] [WARNING] Unknown property box-shadow
[2026-06-09 17:20:50.153] [WARN] [WARNING] Unknown property box-shadow
[2026-06-09 17:20:50.153] [WARN] [WARNING] Unknown property transform
[2026-06-09 17:20:50.154] [WARN] [WARNING] Unknown property transform
[2026-06-09 17:20:50.157] [WARN] [WARNING] Unknown property box-shadow
[2026-06-09 17:20:50.157] [WARN] [WARNING] Unknown property box-shadow
[2026-06-09 17:20:50.157] [WARN] [WARNING] Unknown property text-shadow
[2026-06-09 17:20:50.157] [WARN] [WARNING] Unknown property text-shadow
[2026-06-09 17:20:50.158] [WARN] [WARNING] Unknown property box-shadow
[2026-06-09 17:20:50.158] [WARN] [WARNING] Unknown property box-shadow
[2026-06-09 17:20:50.159] [WARN] [WARNING] Unknown property box-shadow
[2026-06-09 17:20:50.159] [WARN] [WARNING] Unknown property box-shadow
[2026-06-09 17:20:50.160] [WARN] [WARNING] Unknown property box-shadow
[2026-06-09 17:20:50.160] [WARN] [WARNING] Unknown property box-shadow
[2026-06-09 17:20:50.160] [WARN] [WARNING] Unknown property transform
[2026-06-09 17:20:50.160] [WARN] [WARNING] Unknown property transform
[2026-06-09 17:20:50.197] [WARN] [WARNING] Unknown property box-shadow
[2026-06-09 17:20:50.198] [WARN] [WARNING] Unknown property box-shadow
[2026-06-09 17:20:50.198] [WARN] [WARNING] Unknown property text-shadow
[2026-06-09 17:20:50.198] [WARN] [WARNING] Unknown property text-shadow
[2026-06-09 17:20:50.198] [WARN] [WARNING] Unknown property box-shadow
[2026-06-09 17:20:50.199] [WARN] [WARNING] Unknown property box-shadow
[2026-06-09 17:20:50.199] [WARN] [WARNING] Unknown property box-shadow
[2026-06-09 17:20:50.199] [WARN] [WARNING] Unknown property box-shadow
[2026-06-09 17:20:50.200] [WARN] [WARNING] Unknown property box-shadow
[2026-06-09 17:20:50.200] [WARN] [WARNING] Unknown property box-shadow
[2026-06-09 17:20:50.201] [WARN] [WARNING] Unknown property transform
[2026-06-09 17:20:50.201] [WARN] [WARNING] Unknown property transform
[2026-06-09 17:20:50.205] [WARN] [WARNING] Unknown property box-shadow
[2026-06-09 17:20:50.205] [WARN] [WARNING] Unknown property box-shadow
[2026-06-09 17:20:50.205] [WARN] [WARNING] Unknown property text-shadow
[2026-06-09 17:20:50.205] [WARN] [WARNING] Unknown property text-shadow
[2026-06-09 17:20:50.206] [WARN] [WARNING] Unknown property box-shadow
[2026-06-09 17:20:50.206] [WARN] [WARNING] Unknown property box-shadow
[2026-06-09 17:20:50.206] [WARN] [WARNING] Unknown property box-shadow
[2026-06-09 17:20:50.206] [WARN] [WARNING] Unknown property box-shadow
[2026-06-09 17:20:50.208] [WARN] [WARNING] Unknown property box-shadow
[2026-06-09 17:20:50.208] [WARN] [WARNING] Unknown property box-shadow
[2026-06-09 17:20:50.208] [WARN] [WARNING] Unknown property transform
[2026-06-09 17:20:50.208] [WARN] [WARNING] Unknown property transform
[2026-06-09 17:20:50.211] [DEBUG] [DEBUG] 创建系统设置页面
[2026-06-09 17:20:50.229] [WARN] [WARNING] QMetaObject::connectSlotsByName: No matching signal for on_clearTestDataButton_clicked()
[2026-06-09 17:20:50.231] [DEBUG] [DEBUG] 加载语言设置： "中文"
[2026-06-09 17:20:50.231] [DEBUG] [DEBUG] 加载主题设置： "默认"
[2026-06-09 17:20:50.231] [DEBUG] [DEBUG] 加载字体大小设置： 12
[2026-06-09 17:20:50.232] [DEBUG] [DEBUG] 开机自启动状态: 未启用
[2026-06-09 17:20:50.232] [DEBUG] [DEBUG] 注册表值: ""
[2026-06-09 17:20:50.232] [DEBUG] [DEBUG] 当前路径: "\"F:\\气密仪上位机程序\\NewAirPlc_boxed.exe\""
[2026-06-09 17:20:50.232] [DEBUG] [DEBUG] 加载开机自启动设置： false
[2026-06-09 17:20:50.232] [DEBUG] [DEBUG] 开机自启动设置变化: 禁用
[2026-06-09 17:20:50.235] [DEBUG] [DEBUG] 已取消开机自启动
[2026-06-09 17:20:50.235] [DEBUG] [DEBUG] "已取消开机自动启动"
[2026-06-09 17:20:50.235] [DEBUG] [DEBUG] 加载日志错误级别设置： true
[2026-06-09 17:20:50.235] [DEBUG] [DEBUG] 加载日志警告级别设置： true
[2026-06-09 17:20:50.235] [DEBUG] [DEBUG] 加载日志信息级别设置： true
[2026-06-09 17:20:50.235] [DEBUG] [DEBUG] 加载日志调试级别设置： false
[2026-06-09 17:20:50.235] [DEBUG] [DEBUG] 加载日志路径设置： "D:/气密仪上位机程序\\logs"
[2026-06-09 17:20:50.236] [DEBUG] [DEBUG] 加载日志大小设置： 8
[2026-06-09 17:20:50.236] [DEBUG] [DEBUG] 加载日志自动清理设置： "不自动清理"
[2026-06-09 17:20:50.236] [DEBUG] [DEBUG] 加载自动备份设置： true
[2026-06-09 17:20:50.236] [DEBUG] [DEBUG] 加载备份频率设置： "每天"
[2026-06-09 17:20:50.236] [DEBUG] [DEBUG] 加载备份路径设置： "D:/气密仪数据备份"
[2026-06-09 17:20:50.237] [DEBUG] [DEBUG] 加载备份保留数量设置： 1
[2026-06-09 17:20:50.237] [DEBUG] [DEBUG] 加载通知总开关设置： true
[2026-06-09 17:20:50.237] [DEBUG] [DEBUG] 加载声音通知设置： true
[2026-06-09 17:20:50.237] [DEBUG] [DEBUG] 加载任务完成通知设置： true
[2026-06-09 17:20:50.237] [DEBUG] [DEBUG] 加载错误通知设置： true
[2026-06-09 17:20:50.237] [DEBUG] [DEBUG] 加载连接通知设置： true
[2026-06-09 17:20:50.258] [DEBUG] [DEBUG] 已建立ParamSetting到RealtimeMonitor的程序号信号连接
[2026-06-09 17:20:50.259] [DEBUG] [DEBUG] 创建PLC监控页面
[2026-06-09 17:20:50.281] [INFO] PLC监控系统启动
[2026-06-09 17:20:50.302] [DEBUG] [DEBUG] 创建调试页面
[2026-06-09 17:20:50.324] [DEBUG] [DEBUG] 创建气密测试结果页面
[2026-06-09 17:20:50.330] [WARN] [WARNING] QMetaObject::connectSlotsByName: No matching signal for on_monitorTimer_timeout()
[2026-06-09 17:20:54.117] [DEBUG] [DEBUG] 创建用户管理页面
[2026-06-09 17:20:54.120] [DEBUG] [DEBUG] 用户表初始化成功
[2026-06-09 17:20:54.120] [DEBUG] [DEBUG] 管理员账户已存在
[2026-06-09 17:20:54.127] [DEBUG] [DEBUG] 准备连接信号: plcMonitorPage = 0x13eea1a0 , airtightTestResultPage = 0x140e0910
[2026-06-09 17:20:54.127] [DEBUG] [DEBUG] 信号连接结果: true
[2026-06-09 17:20:54.127] [DEBUG] [DEBUG] 已建立PlcMonitor到AirtightTestResult的仪器评选号信号连接
[2026-06-09 17:20:54.127] [DEBUG] [DEBUG] 已建立PlcMonitor到RealtimeMonitor的仪器评选号信号连接
[2026-06-09 17:20:54.127] [DEBUG] [DEBUG] 已建立RealtimeMonitor到PlcMonitor的通道结果更新信号连接: true
[2026-06-09 17:20:54.127] [DEBUG] [DEBUG] 已建立AirtightTestResult到RealtimeMonitor的测试结果信号连 true true true
[2026-06-09 17:20:54.127] [DEBUG] [DEBUG] 已建立RealtimeMonitor到AirtightTestResult的产品编号信号连 true
[2026-06-09 17:20:54.127] [DEBUG] [DEBUG] 已建立AirtightTestResult到RealtimeMonitor信号连接: true true true
[2026-06-09 17:20:54.127] [DEBUG] [DEBUG] ========= 确保页面间信号连=========
[2026-06-09 17:20:54.127] [DEBUG] [DEBUG] 已建立PlcMonitor到TcpServerController的程序号信号连接
[2026-06-09 17:20:54.127] [DEBUG] [DEBUG] 已建立AirtightTestResult到TcpServerController的测试结果信号连 true true true
[2026-06-09 17:20:54.128] [DEBUG] [DEBUG] 已设置默认页面为实时监控
[2026-06-09 17:20:54.128] [INFO] 调压装置连接状态更新: 未连接
[2026-06-09 17:20:54.128] [DEBUG] [DEBUG] PlcMonitor::updatePressureConnectionStatus 被调用，状态: 未连接
[2026-06-09 17:20:54.128] [DEBUG] [DEBUG] 已设置调压装置Modbus客户端
[2026-06-09 17:20:54.321] [DEBUG] [DEBUG] RealtimeMonitor收到updatePressureConnectionStatus：connected= false
[2026-06-09 17:20:54.322] [DEBUG] [DEBUG] 延迟同步调压装置连接状 false
[2026-06-09 17:20:54.322] [WARN] [WARNING] Unknown property box-shadow
[2026-06-09 17:20:54.322] [WARN] [WARNING] Unknown property box-shadow
[2026-06-09 17:20:54.379] [INFO] 开始执行自动连接检查...
[2026-06-09 17:20:54.379] [INFO] 检测到PLC需要自动连接
[2026-06-09 17:20:54.379] [INFO] 正在自动连接PLC...
[2026-06-09 17:20:54.379] [INFO] 开始连接PLC...
[2026-06-09 17:20:54.380] [INFO] PLC连接成功
[2026-06-09 17:20:54.510] [INFO] PLC参数已自动保存
[2026-06-09 17:20:54.756] [INFO] 检测到气密仪需要自动连接
[2026-06-09 17:20:54.756] [INFO] 正在自动连接气密仪...
[2026-06-09 17:20:54.756] [INFO] 开始连接气密仪...
[2026-06-09 17:20:54.761] [INFO] 检测到调压装置需要自动连接
[2026-06-09 17:20:54.761] [INFO] 正在自动连接调压装置...
[2026-06-09 17:20:54.761] [DEBUG] [DEBUG] 调压装置Modbus状态变化: "ConnectingState" pressureWasConnected: false
[2026-06-09 17:20:54.762] [INFO] 调压装置连接状态更新: 未连接
[2026-06-09 17:20:54.762] [DEBUG] [DEBUG] PlcMonitor::updatePressureConnectionStatus 被调用，状态: 未连接
[2026-06-09 17:20:54.762] [DEBUG] [DEBUG] 调压装置连接状态变化: 未连接
[2026-06-09 17:20:54.763] [DEBUG] [DEBUG] 调压装置Modbus状态变化: "ConnectedState" pressureWasConnected: false
[2026-06-09 17:20:54.763] [INFO] 调压装置Modbus RTU连接成功: COM4，波特率 9600，从站地址 1
[2026-06-09 17:20:54.763] [DEBUG] [DEBUG] 保存调压装置从站地址:  1
[2026-06-09 17:20:54.862] [INFO] 调压装置参数已保存 - 协议: Modbus RTU, 串口号: COM4, 波特率: 9600, 数据位: 8, 校验位: 无, 停止位: 1
[2026-06-09 17:20:55.123] [INFO] [17:20:55] 调压装置连接成功
[2026-06-09 17:20:55.123] [DEBUG] [DEBUG] ConnectWidget::updatePressureDeviceStatus 发射 pressureConnectionChanged 信号，状态: 已连接
[2026-06-09 17:20:55.123] [INFO] 调压装置连接状态更新: 已连接
[2026-06-09 17:20:55.124] [DEBUG] [DEBUG] PlcMonitor::updatePressureConnectionStatus 被调用，状态: 已连接
[2026-06-09 17:20:55.124] [INFO] 调压装置连接状态更新: 已连接
[2026-06-09 17:20:55.124] [DEBUG] [DEBUG] PlcMonitor::updatePressureConnectionStatus 被调用，状态: 已连接
[2026-06-09 17:20:55.124] [DEBUG] [DEBUG] 调压装置连接状态变化: 已连接
[2026-06-09 17:20:55.124] [INFO] 正在连接调压装置 Modbus RTU 串口 COM4，波特率 9600，从站地址 1
[2026-06-09 17:20:55.124] [INFO] 自动连接检查完成
[2026-06-09 17:20:55.126] [INFO] 气密仪连接成功
[2026-06-09 17:20:55.237] [INFO] 气密仪参数已自动保存
[2026-06-09 17:21:02.730] [WARN] [WARNING] QObject::connect(ConnectWidget, MainWindow): unique connections require a pointer to member function of a QObject subclass
[2026-06-09 17:21:02.730] [DEBUG] [DEBUG] 已同步调压装置当前连接状态到参数设置页面: 已连接
[2026-06-09 17:21:03.241] [DEBUG] [DEBUG] RealtimeMonitor收到updateConnectionStatus：isPlc= false  connected= true
[2026-06-09 17:21:03.241] [INFO] 开始实时监测
[2026-06-09 17:21:03.241] [INFO] 气密仪从站地址已设置为: 1
[2026-06-09 17:21:03.241] [DEBUG] [DEBUG] RealtimeMonitor收到updateConnectionStatus：isPlc= false  connected= true
[2026-06-09 17:21:03.241] [DEBUG] [DEBUG] RealtimeMonitor收到updateConnectionStatus：isPlc= true  connected= true
[2026-06-09 17:21:03.241] [INFO] 已启动PLC统一轮询定时器
[2026-06-09 17:21:03.241] [DEBUG] [DEBUG] 已将PLC modbus客户端传递给RealtimeMonitor页面
[2026-06-09 17:21:03.241] [DEBUG] [DEBUG] RealtimeMonitor收到updatePressureConnectionStatus：connected= true
[2026-06-09 17:21:03.242] [DEBUG] [DEBUG] 已同步调压装置连接状态到RealtimeMonitor页面
[2026-06-09 17:21:04.282] [DEBUG] [DEBUG] 已将气密仪modbus客户端传递给气密测试结果页面
[2026-06-09 17:21:04.282] [DEBUG] [DEBUG] 已将PLC modbus客户端传递给气密测试结果页面
[2026-06-09 17:21:04.885] [INFO] 线圈49418下降沿触发，已清空产品编号
[2026-06-09 17:21:04.907] [INFO] 气密仪连接状态更新: 已连接
[2026-06-09 17:21:04.907] [DEBUG] [DEBUG] 已设置气密仪Modbus客户端
[2026-06-09 17:21:04.907] [DEBUG] [DEBUG] 已将气密仪modbus客户端传递给PLC监控页面
[2026-06-09 17:21:04.907] [INFO] PLC监控页面连接状态更新: 已连接
[2026-06-09 17:21:04.907] [DEBUG] [DEBUG] 已设置PLC Modbus客户端
[2026-06-09 17:21:04.907] [DEBUG] [DEBUG] 已将PLC modbus客户端传递给PLC监控页面
[2026-06-09 17:21:04.907] [INFO] 调压装置连接状态更新: 已连接
[2026-06-09 17:21:04.907] [DEBUG] [DEBUG] PlcMonitor::updatePressureConnectionStatus 被调用，状态: 已连接
[2026-06-09 17:21:04.907] [DEBUG] [DEBUG] 已设置调压装置Modbus客户端
[2026-06-09 17:21:04.907] [INFO] 调压装置连接状态更新: 已连接
[2026-06-09 17:21:04.907] [DEBUG] [DEBUG] PlcMonitor::updatePressureConnectionStatus 被调用，状态: 已连接
[2026-06-09 17:21:04.907] [DEBUG] [DEBUG] 已同步调压装置当前连接状态到PLC监控页面: 已连接
